2022-02-08 15:21:18,826 INFO 59815 [Timer] /Users/juvos/Desktop/Juvos/CodeLab/egg-api/node_modules/egg-multipart/app/schedule/clean_tmpdir.js next time will execute after 47321178ms at 2022-02-09 04:30:00.004
2022-02-08 15:21:18,827 INFO 59815 [Timer] /Users/juvos/Desktop/Juvos/CodeLab/egg-api/node_modules/egg-logrotator/app/schedule/clean_log.js next time will execute after 31121174ms at 2022-02-09 00:00:00.001
2022-02-08 15:21:18,827 INFO 59815 [Timer] /Users/juvos/Desktop/Juvos/CodeLab/egg-api/node_modules/egg-logrotator/app/schedule/rotate_by_file.js next time will execute after 31122173ms at 2022-02-09 00:00:01.000
2022-02-08 15:21:18,673 INFO 59816 [egg-schedule]: register schedule /Users/juvos/Desktop/Juvos/CodeLab/egg-api/node_modules/egg-multipart/app/schedule/clean_tmpdir.js
2022-02-08 15:21:18,673 INFO 59816 [egg-schedule]: register schedule /Users/juvos/Desktop/Juvos/CodeLab/egg-api/node_modules/egg-logrotator/app/schedule/clean_log.js
2022-02-08 15:21:18,673 INFO 59816 [egg-schedule]: register schedule /Users/juvos/Desktop/Juvos/CodeLab/egg-api/node_modules/egg-logrotator/app/schedule/rotate_by_file.js
2022-02-08 15:31:13,883 INFO 60624 [egg-schedule]: register schedule /Users/juvos/Desktop/Juvos/CodeLab/egg-api/node_modules/egg-multipart/app/schedule/clean_tmpdir.js
2022-02-08 15:31:13,883 INFO 60624 [egg-schedule]: register schedule /Users/juvos/Desktop/Juvos/CodeLab/egg-api/node_modules/egg-logrotator/app/schedule/clean_log.js
2022-02-08 15:31:13,883 INFO 60624 [egg-schedule]: register schedule /Users/juvos/Desktop/Juvos/CodeLab/egg-api/node_modules/egg-logrotator/app/schedule/rotate_by_file.js
2022-02-08 15:31:13,989 INFO 60622 [Timer] /Users/juvos/Desktop/Juvos/CodeLab/egg-api/node_modules/egg-multipart/app/schedule/clean_tmpdir.js next time will execute after 46726013ms at 2022-02-09 04:30:00.002
2022-02-08 15:31:13,990 INFO 60622 [Timer] /Users/juvos/Desktop/Juvos/CodeLab/egg-api/node_modules/egg-logrotator/app/schedule/clean_log.js next time will execute after 30526010ms at 2022-02-09 00:00:00.000
2022-02-08 15:31:13,990 INFO 60622 [Timer] /Users/juvos/Desktop/Juvos/CodeLab/egg-api/node_modules/egg-logrotator/app/schedule/rotate_by_file.js next time will execute after 30527010ms at 2022-02-09 00:00:01.000
2022-02-08 15:31:43,794 INFO 60640 [egg-schedule]: register schedule /Users/juvos/Desktop/Juvos/CodeLab/egg-api/node_modules/egg-multipart/app/schedule/clean_tmpdir.js
2022-02-08 15:31:43,794 INFO 60640 [egg-schedule]: register schedule /Users/juvos/Desktop/Juvos/CodeLab/egg-api/node_modules/egg-logrotator/app/schedule/clean_log.js
2022-02-08 15:31:43,794 INFO 60640 [egg-schedule]: register schedule /Users/juvos/Desktop/Juvos/CodeLab/egg-api/node_modules/egg-logrotator/app/schedule/rotate_by_file.js
2022-02-24 15:14:29,886 INFO 32998 [Timer] /Users/juvos/Desktop/Juvos/CodeLab/eraAcro/era-egg/node_modules/egg-multipart/app/schedule/clean_tmpdir.js next time will execute after 47730117ms at 2022-02-25 04:30:00.003
2022-02-24 15:14:29,886 INFO 32998 [Timer] /Users/juvos/Desktop/Juvos/CodeLab/eraAcro/era-egg/node_modules/egg-logrotator/app/schedule/clean_log.js next time will execute after 31530114ms at 2022-02-25 00:00:00.000
2022-02-24 15:14:29,887 INFO 32998 [Timer] /Users/juvos/Desktop/Juvos/CodeLab/eraAcro/era-egg/node_modules/egg-logrotator/app/schedule/rotate_by_file.js next time will execute after 31531114ms at 2022-02-25 00:00:01.001
2022-02-24 15:14:29,770 INFO 32999 [egg-schedule]: register schedule /Users/juvos/Desktop/Juvos/CodeLab/eraAcro/era-egg/node_modules/egg-multipart/app/schedule/clean_tmpdir.js
2022-02-24 15:14:29,770 INFO 32999 [egg-schedule]: register schedule /Users/juvos/Desktop/Juvos/CodeLab/eraAcro/era-egg/node_modules/egg-logrotator/app/schedule/clean_log.js
2022-02-24 15:14:29,770 INFO 32999 [egg-schedule]: register schedule /Users/juvos/Desktop/Juvos/CodeLab/eraAcro/era-egg/node_modules/egg-logrotator/app/schedule/rotate_by_file.js
2022-02-24 15:25:42,131 INFO 33217 [egg-schedule]: register schedule /Users/juvos/Desktop/Juvos/CodeLab/eraAcro/era-egg/node_modules/egg-multipart/app/schedule/clean_tmpdir.js
2022-02-24 15:25:42,131 INFO 33217 [egg-schedule]: register schedule /Users/juvos/Desktop/Juvos/CodeLab/eraAcro/era-egg/node_modules/egg-logrotator/app/schedule/clean_log.js
2022-02-24 15:25:42,131 INFO 33217 [egg-schedule]: register schedule /Users/juvos/Desktop/Juvos/CodeLab/eraAcro/era-egg/node_modules/egg-logrotator/app/schedule/rotate_by_file.js
2022-02-24 15:37:39,589 INFO 33722 [egg-schedule]: register schedule /Users/juvos/Desktop/Juvos/CodeLab/eraAcro/era-egg/node_modules/egg-multipart/app/schedule/clean_tmpdir.js
2022-02-24 15:37:39,589 INFO 33722 [egg-schedule]: register schedule /Users/juvos/Desktop/Juvos/CodeLab/eraAcro/era-egg/node_modules/egg-logrotator/app/schedule/clean_log.js
2022-02-24 15:37:39,589 INFO 33722 [egg-schedule]: register schedule /Users/juvos/Desktop/Juvos/CodeLab/eraAcro/era-egg/node_modules/egg-logrotator/app/schedule/rotate_by_file.js
2022-02-24 15:37:39,718 INFO 33715 [Timer] /Users/juvos/Desktop/Juvos/CodeLab/eraAcro/era-egg/node_modules/egg-multipart/app/schedule/clean_tmpdir.js next time will execute after 46340284ms at 2022-02-25 04:30:00.002
2022-02-24 15:37:39,718 INFO 33715 [Timer] /Users/juvos/Desktop/Juvos/CodeLab/eraAcro/era-egg/node_modules/egg-logrotator/app/schedule/clean_log.js next time will execute after 30140282ms at 2022-02-25 00:00:00.000
2022-02-24 15:37:39,718 INFO 33715 [Timer] /Users/juvos/Desktop/Juvos/CodeLab/eraAcro/era-egg/node_modules/egg-logrotator/app/schedule/rotate_by_file.js next time will execute after 30141282ms at 2022-02-25 00:00:01.000
2022-02-24 15:40:27,410 INFO 34190 [egg-schedule]: register schedule /Users/juvos/Desktop/Juvos/CodeLab/eraAcro/era-egg/node_modules/egg-multipart/app/schedule/clean_tmpdir.js
2022-02-24 15:40:27,410 INFO 34190 [egg-schedule]: register schedule /Users/juvos/Desktop/Juvos/CodeLab/eraAcro/era-egg/node_modules/egg-logrotator/app/schedule/clean_log.js
2022-02-24 15:40:27,410 INFO 34190 [egg-schedule]: register schedule /Users/juvos/Desktop/Juvos/CodeLab/eraAcro/era-egg/node_modules/egg-logrotator/app/schedule/rotate_by_file.js
2022-02-24 15:43:29,564 INFO 34286 [egg-schedule]: register schedule /Users/juvos/Desktop/Juvos/CodeLab/eraAcro/era-egg/node_modules/egg-multipart/app/schedule/clean_tmpdir.js
2022-02-24 15:43:29,564 INFO 34286 [egg-schedule]: register schedule /Users/juvos/Desktop/Juvos/CodeLab/eraAcro/era-egg/node_modules/egg-logrotator/app/schedule/clean_log.js
2022-02-24 15:43:29,564 INFO 34286 [egg-schedule]: register schedule /Users/juvos/Desktop/Juvos/CodeLab/eraAcro/era-egg/node_modules/egg-logrotator/app/schedule/rotate_by_file.js
2022-02-24 15:44:21,394 INFO 34308 [egg-schedule]: register schedule /Users/juvos/Desktop/Juvos/CodeLab/eraAcro/era-egg/node_modules/egg-multipart/app/schedule/clean_tmpdir.js
2022-02-24 15:44:21,394 INFO 34308 [egg-schedule]: register schedule /Users/juvos/Desktop/Juvos/CodeLab/eraAcro/era-egg/node_modules/egg-logrotator/app/schedule/clean_log.js
2022-02-24 15:44:21,394 INFO 34308 [egg-schedule]: register schedule /Users/juvos/Desktop/Juvos/CodeLab/eraAcro/era-egg/node_modules/egg-logrotator/app/schedule/rotate_by_file.js
2022-02-24 15:44:59,254 INFO 34332 [egg-schedule]: register schedule /Users/juvos/Desktop/Juvos/CodeLab/eraAcro/era-egg/node_modules/egg-multipart/app/schedule/clean_tmpdir.js
2022-02-24 15:44:59,254 INFO 34332 [egg-schedule]: register schedule /Users/juvos/Desktop/Juvos/CodeLab/eraAcro/era-egg/node_modules/egg-logrotator/app/schedule/clean_log.js
2022-02-24 15:44:59,254 INFO 34332 [egg-schedule]: register schedule /Users/juvos/Desktop/Juvos/CodeLab/eraAcro/era-egg/node_modules/egg-logrotator/app/schedule/rotate_by_file.js
2022-02-24 15:45:10,182 INFO 34342 [egg-schedule]: register schedule /Users/juvos/Desktop/Juvos/CodeLab/eraAcro/era-egg/node_modules/egg-multipart/app/schedule/clean_tmpdir.js
2022-02-24 15:45:10,182 INFO 34342 [egg-schedule]: register schedule /Users/juvos/Desktop/Juvos/CodeLab/eraAcro/era-egg/node_modules/egg-logrotator/app/schedule/clean_log.js
2022-02-24 15:45:10,182 INFO 34342 [egg-schedule]: register schedule /Users/juvos/Desktop/Juvos/CodeLab/eraAcro/era-egg/node_modules/egg-logrotator/app/schedule/rotate_by_file.js
2022-02-24 15:45:39,402 INFO 34355 [egg-schedule]: register schedule /Users/juvos/Desktop/Juvos/CodeLab/eraAcro/era-egg/node_modules/egg-multipart/app/schedule/clean_tmpdir.js
2022-02-24 15:45:39,402 INFO 34355 [egg-schedule]: register schedule /Users/juvos/Desktop/Juvos/CodeLab/eraAcro/era-egg/node_modules/egg-logrotator/app/schedule/clean_log.js
2022-02-24 15:45:39,402 INFO 34355 [egg-schedule]: register schedule /Users/juvos/Desktop/Juvos/CodeLab/eraAcro/era-egg/node_modules/egg-logrotator/app/schedule/rotate_by_file.js
2022-02-24 15:46:44,377 INFO 34374 [egg-schedule]: register schedule /Users/juvos/Desktop/Juvos/CodeLab/eraAcro/era-egg/node_modules/egg-multipart/app/schedule/clean_tmpdir.js
2022-02-24 15:46:44,377 INFO 34374 [egg-schedule]: register schedule /Users/juvos/Desktop/Juvos/CodeLab/eraAcro/era-egg/node_modules/egg-logrotator/app/schedule/clean_log.js
2022-02-24 15:46:44,377 INFO 34374 [egg-schedule]: register schedule /Users/juvos/Desktop/Juvos/CodeLab/eraAcro/era-egg/node_modules/egg-logrotator/app/schedule/rotate_by_file.js
2022-02-24 15:48:05,723 INFO 34411 [egg-schedule]: register schedule /Users/juvos/Desktop/Juvos/CodeLab/eraAcro/era-egg/node_modules/egg-multipart/app/schedule/clean_tmpdir.js
2022-02-24 15:48:05,723 INFO 34411 [egg-schedule]: register schedule /Users/juvos/Desktop/Juvos/CodeLab/eraAcro/era-egg/node_modules/egg-logrotator/app/schedule/clean_log.js
2022-02-24 15:48:05,723 INFO 34411 [egg-schedule]: register schedule /Users/juvos/Desktop/Juvos/CodeLab/eraAcro/era-egg/node_modules/egg-logrotator/app/schedule/rotate_by_file.js
2022-02-24 15:49:05,512 INFO 34448 [egg-schedule]: register schedule /Users/juvos/Desktop/Juvos/CodeLab/eraAcro/era-egg/node_modules/egg-multipart/app/schedule/clean_tmpdir.js
2022-02-24 15:49:05,512 INFO 34448 [egg-schedule]: register schedule /Users/juvos/Desktop/Juvos/CodeLab/eraAcro/era-egg/node_modules/egg-logrotator/app/schedule/clean_log.js
2022-02-24 15:49:05,512 INFO 34448 [egg-schedule]: register schedule /Users/juvos/Desktop/Juvos/CodeLab/eraAcro/era-egg/node_modules/egg-logrotator/app/schedule/rotate_by_file.js
2022-02-24 15:49:17,051 INFO 34469 [Timer] /Users/juvos/Desktop/Juvos/CodeLab/eraAcro/era-egg/node_modules/egg-multipart/app/schedule/clean_tmpdir.js next time will execute after 45642951ms at 2022-02-25 04:30:00.002
2022-02-24 15:49:17,051 INFO 34469 [Timer] /Users/juvos/Desktop/Juvos/CodeLab/eraAcro/era-egg/node_modules/egg-logrotator/app/schedule/clean_log.js next time will execute after 29442949ms at 2022-02-25 00:00:00.000
2022-02-24 15:49:17,052 INFO 34469 [Timer] /Users/juvos/Desktop/Juvos/CodeLab/eraAcro/era-egg/node_modules/egg-logrotator/app/schedule/rotate_by_file.js next time will execute after 29443949ms at 2022-02-25 00:00:01.001
2022-02-24 15:49:16,910 INFO 34472 [egg-schedule]: register schedule /Users/juvos/Desktop/Juvos/CodeLab/eraAcro/era-egg/node_modules/egg-multipart/app/schedule/clean_tmpdir.js
2022-02-24 15:49:16,910 INFO 34472 [egg-schedule]: register schedule /Users/juvos/Desktop/Juvos/CodeLab/eraAcro/era-egg/node_modules/egg-logrotator/app/schedule/clean_log.js
2022-02-24 15:49:16,910 INFO 34472 [egg-schedule]: register schedule /Users/juvos/Desktop/Juvos/CodeLab/eraAcro/era-egg/node_modules/egg-logrotator/app/schedule/rotate_by_file.js
2022-02-24 15:52:37,157 INFO 34611 [egg-schedule]: register schedule /Users/juvos/Desktop/Juvos/CodeLab/eraAcro/era-egg/node_modules/egg-multipart/app/schedule/clean_tmpdir.js
2022-02-24 15:52:37,157 INFO 34611 [egg-schedule]: register schedule /Users/juvos/Desktop/Juvos/CodeLab/eraAcro/era-egg/node_modules/egg-logrotator/app/schedule/clean_log.js
2022-02-24 15:52:37,157 INFO 34611 [egg-schedule]: register schedule /Users/juvos/Desktop/Juvos/CodeLab/eraAcro/era-egg/node_modules/egg-logrotator/app/schedule/rotate_by_file.js
2022-02-24 15:52:47,920 INFO 34620 [egg-schedule]: register schedule /Users/juvos/Desktop/Juvos/CodeLab/eraAcro/era-egg/node_modules/egg-multipart/app/schedule/clean_tmpdir.js
2022-02-24 15:52:47,920 INFO 34620 [egg-schedule]: register schedule /Users/juvos/Desktop/Juvos/CodeLab/eraAcro/era-egg/node_modules/egg-logrotator/app/schedule/clean_log.js
2022-02-24 15:52:47,920 INFO 34620 [egg-schedule]: register schedule /Users/juvos/Desktop/Juvos/CodeLab/eraAcro/era-egg/node_modules/egg-logrotator/app/schedule/rotate_by_file.js
2022-02-24 16:04:49,699 INFO 34817 [egg-schedule]: register schedule /Users/juvos/Desktop/Juvos/CodeLab/eraAcro/era-egg/node_modules/egg-multipart/app/schedule/clean_tmpdir.js
2022-02-24 16:04:49,699 INFO 34817 [egg-schedule]: register schedule /Users/juvos/Desktop/Juvos/CodeLab/eraAcro/era-egg/node_modules/egg-logrotator/app/schedule/clean_log.js
2022-02-24 16:04:49,699 INFO 34817 [egg-schedule]: register schedule /Users/juvos/Desktop/Juvos/CodeLab/eraAcro/era-egg/node_modules/egg-logrotator/app/schedule/rotate_by_file.js
2022-02-24 16:05:08,470 INFO 34833 [egg-schedule]: register schedule /Users/juvos/Desktop/Juvos/CodeLab/eraAcro/era-egg/node_modules/egg-multipart/app/schedule/clean_tmpdir.js
2022-02-24 16:05:08,471 INFO 34833 [egg-schedule]: register schedule /Users/juvos/Desktop/Juvos/CodeLab/eraAcro/era-egg/node_modules/egg-logrotator/app/schedule/clean_log.js
2022-02-24 16:05:08,471 INFO 34833 [egg-schedule]: register schedule /Users/juvos/Desktop/Juvos/CodeLab/eraAcro/era-egg/node_modules/egg-logrotator/app/schedule/rotate_by_file.js
2022-02-24 16:05:41,611 INFO 34849 [egg-schedule]: register schedule /Users/juvos/Desktop/Juvos/CodeLab/eraAcro/era-egg/node_modules/egg-multipart/app/schedule/clean_tmpdir.js
2022-02-24 16:05:41,611 INFO 34849 [egg-schedule]: register schedule /Users/juvos/Desktop/Juvos/CodeLab/eraAcro/era-egg/node_modules/egg-logrotator/app/schedule/clean_log.js
2022-02-24 16:05:41,611 INFO 34849 [egg-schedule]: register schedule /Users/juvos/Desktop/Juvos/CodeLab/eraAcro/era-egg/node_modules/egg-logrotator/app/schedule/rotate_by_file.js
2022-02-24 16:06:16,139 INFO 34871 [egg-schedule]: register schedule /Users/juvos/Desktop/Juvos/CodeLab/eraAcro/era-egg/node_modules/egg-multipart/app/schedule/clean_tmpdir.js
2022-02-24 16:06:16,139 INFO 34871 [egg-schedule]: register schedule /Users/juvos/Desktop/Juvos/CodeLab/eraAcro/era-egg/node_modules/egg-logrotator/app/schedule/clean_log.js
2022-02-24 16:06:16,139 INFO 34871 [egg-schedule]: register schedule /Users/juvos/Desktop/Juvos/CodeLab/eraAcro/era-egg/node_modules/egg-logrotator/app/schedule/rotate_by_file.js
2022-02-24 16:06:20,360 INFO 34874 [egg-schedule]: register schedule /Users/juvos/Desktop/Juvos/CodeLab/eraAcro/era-egg/node_modules/egg-multipart/app/schedule/clean_tmpdir.js
2022-02-24 16:06:20,360 INFO 34874 [egg-schedule]: register schedule /Users/juvos/Desktop/Juvos/CodeLab/eraAcro/era-egg/node_modules/egg-logrotator/app/schedule/clean_log.js
2022-02-24 16:06:20,360 INFO 34874 [egg-schedule]: register schedule /Users/juvos/Desktop/Juvos/CodeLab/eraAcro/era-egg/node_modules/egg-logrotator/app/schedule/rotate_by_file.js
2022-02-24 16:08:04,861 INFO 34927 [egg-schedule]: register schedule /Users/juvos/Desktop/Juvos/CodeLab/eraAcro/era-egg/node_modules/egg-multipart/app/schedule/clean_tmpdir.js
2022-02-24 16:08:04,861 INFO 34927 [egg-schedule]: register schedule /Users/juvos/Desktop/Juvos/CodeLab/eraAcro/era-egg/node_modules/egg-logrotator/app/schedule/clean_log.js
2022-02-24 16:08:04,861 INFO 34927 [egg-schedule]: register schedule /Users/juvos/Desktop/Juvos/CodeLab/eraAcro/era-egg/node_modules/egg-logrotator/app/schedule/rotate_by_file.js
2022-02-24 16:08:20,839 INFO 34938 [egg-schedule]: register schedule /Users/juvos/Desktop/Juvos/CodeLab/eraAcro/era-egg/node_modules/egg-multipart/app/schedule/clean_tmpdir.js
2022-02-24 16:08:20,839 INFO 34938 [egg-schedule]: register schedule /Users/juvos/Desktop/Juvos/CodeLab/eraAcro/era-egg/node_modules/egg-logrotator/app/schedule/clean_log.js
2022-02-24 16:08:20,839 INFO 34938 [egg-schedule]: register schedule /Users/juvos/Desktop/Juvos/CodeLab/eraAcro/era-egg/node_modules/egg-logrotator/app/schedule/rotate_by_file.js
2022-02-24 16:08:36,082 INFO 34947 [egg-schedule]: register schedule /Users/juvos/Desktop/Juvos/CodeLab/eraAcro/era-egg/node_modules/egg-multipart/app/schedule/clean_tmpdir.js
2022-02-24 16:08:36,082 INFO 34947 [egg-schedule]: register schedule /Users/juvos/Desktop/Juvos/CodeLab/eraAcro/era-egg/node_modules/egg-logrotator/app/schedule/clean_log.js
2022-02-24 16:08:36,082 INFO 34947 [egg-schedule]: register schedule /Users/juvos/Desktop/Juvos/CodeLab/eraAcro/era-egg/node_modules/egg-logrotator/app/schedule/rotate_by_file.js
2022-02-24 16:08:48,159 INFO 34963 [egg-schedule]: register schedule /Users/juvos/Desktop/Juvos/CodeLab/eraAcro/era-egg/node_modules/egg-multipart/app/schedule/clean_tmpdir.js
2022-02-24 16:08:48,159 INFO 34963 [egg-schedule]: register schedule /Users/juvos/Desktop/Juvos/CodeLab/eraAcro/era-egg/node_modules/egg-logrotator/app/schedule/clean_log.js
2022-02-24 16:08:48,159 INFO 34963 [egg-schedule]: register schedule /Users/juvos/Desktop/Juvos/CodeLab/eraAcro/era-egg/node_modules/egg-logrotator/app/schedule/rotate_by_file.js
2022-02-24 16:20:06,447 INFO 35180 [egg-schedule]: register schedule /Users/juvos/Desktop/Juvos/CodeLab/eraAcro/era-egg/node_modules/egg-multipart/app/schedule/clean_tmpdir.js
2022-02-24 16:20:06,448 INFO 35180 [egg-schedule]: register schedule /Users/juvos/Desktop/Juvos/CodeLab/eraAcro/era-egg/node_modules/egg-logrotator/app/schedule/clean_log.js
2022-02-24 16:20:06,448 INFO 35180 [egg-schedule]: register schedule /Users/juvos/Desktop/Juvos/CodeLab/eraAcro/era-egg/node_modules/egg-logrotator/app/schedule/rotate_by_file.js
2022-02-24 16:20:22,899 INFO 35194 [egg-schedule]: register schedule /Users/juvos/Desktop/Juvos/CodeLab/eraAcro/era-egg/node_modules/egg-multipart/app/schedule/clean_tmpdir.js
2022-02-24 16:20:22,899 INFO 35194 [egg-schedule]: register schedule /Users/juvos/Desktop/Juvos/CodeLab/eraAcro/era-egg/node_modules/egg-logrotator/app/schedule/clean_log.js
2022-02-24 16:20:22,899 INFO 35194 [egg-schedule]: register schedule /Users/juvos/Desktop/Juvos/CodeLab/eraAcro/era-egg/node_modules/egg-logrotator/app/schedule/rotate_by_file.js
2022-02-24 16:20:49,859 INFO 35210 [egg-schedule]: register schedule /Users/juvos/Desktop/Juvos/CodeLab/eraAcro/era-egg/node_modules/egg-multipart/app/schedule/clean_tmpdir.js
2022-02-24 16:20:49,859 INFO 35210 [egg-schedule]: register schedule /Users/juvos/Desktop/Juvos/CodeLab/eraAcro/era-egg/node_modules/egg-logrotator/app/schedule/clean_log.js
2022-02-24 16:20:49,859 INFO 35210 [egg-schedule]: register schedule /Users/juvos/Desktop/Juvos/CodeLab/eraAcro/era-egg/node_modules/egg-logrotator/app/schedule/rotate_by_file.js
2022-02-24 16:21:16,476 INFO 35221 [egg-schedule]: register schedule /Users/juvos/Desktop/Juvos/CodeLab/eraAcro/era-egg/node_modules/egg-multipart/app/schedule/clean_tmpdir.js
2022-02-24 16:21:16,476 INFO 35221 [egg-schedule]: register schedule /Users/juvos/Desktop/Juvos/CodeLab/eraAcro/era-egg/node_modules/egg-logrotator/app/schedule/clean_log.js
2022-02-24 16:21:16,476 INFO 35221 [egg-schedule]: register schedule /Users/juvos/Desktop/Juvos/CodeLab/eraAcro/era-egg/node_modules/egg-logrotator/app/schedule/rotate_by_file.js
2022-02-24 16:29:59,613 INFO 35555 [Timer] /Users/juvos/Desktop/Juvos/CodeLab/eraAcro/era-egg/node_modules/egg-multipart/app/schedule/clean_tmpdir.js next time will execute after 43200388ms at 2022-02-25 04:30:00.001
2022-02-24 16:29:59,614 INFO 35555 [Timer] /Users/juvos/Desktop/Juvos/CodeLab/eraAcro/era-egg/node_modules/egg-logrotator/app/schedule/clean_log.js next time will execute after 27000386ms at 2022-02-25 00:00:00.000
2022-02-24 16:29:59,614 INFO 35555 [Timer] /Users/juvos/Desktop/Juvos/CodeLab/eraAcro/era-egg/node_modules/egg-logrotator/app/schedule/rotate_by_file.js next time will execute after 27001386ms at 2022-02-25 00:00:01.000
2022-02-24 16:29:59,492 INFO 35556 [egg-schedule]: register schedule /Users/juvos/Desktop/Juvos/CodeLab/eraAcro/era-egg/node_modules/egg-multipart/app/schedule/clean_tmpdir.js
2022-02-24 16:29:59,492 INFO 35556 [egg-schedule]: register schedule /Users/juvos/Desktop/Juvos/CodeLab/eraAcro/era-egg/node_modules/egg-logrotator/app/schedule/clean_log.js
2022-02-24 16:29:59,492 INFO 35556 [egg-schedule]: register schedule /Users/juvos/Desktop/Juvos/CodeLab/eraAcro/era-egg/node_modules/egg-logrotator/app/schedule/rotate_by_file.js
2022-02-24 16:30:04,652 INFO 35561 [egg-schedule]: register schedule /Users/juvos/Desktop/Juvos/CodeLab/eraAcro/era-egg/node_modules/egg-multipart/app/schedule/clean_tmpdir.js
2022-02-24 16:30:04,652 INFO 35561 [egg-schedule]: register schedule /Users/juvos/Desktop/Juvos/CodeLab/eraAcro/era-egg/node_modules/egg-logrotator/app/schedule/clean_log.js
2022-02-24 16:30:04,652 INFO 35561 [egg-schedule]: register schedule /Users/juvos/Desktop/Juvos/CodeLab/eraAcro/era-egg/node_modules/egg-logrotator/app/schedule/rotate_by_file.js
2022-02-24 16:30:10,512 INFO 35569 [egg-schedule]: register schedule /Users/juvos/Desktop/Juvos/CodeLab/eraAcro/era-egg/node_modules/egg-multipart/app/schedule/clean_tmpdir.js
2022-02-24 16:30:10,512 INFO 35569 [egg-schedule]: register schedule /Users/juvos/Desktop/Juvos/CodeLab/eraAcro/era-egg/node_modules/egg-logrotator/app/schedule/clean_log.js
2022-02-24 16:30:10,512 INFO 35569 [egg-schedule]: register schedule /Users/juvos/Desktop/Juvos/CodeLab/eraAcro/era-egg/node_modules/egg-logrotator/app/schedule/rotate_by_file.js
2022-02-24 16:39:17,008 INFO 35982 [egg-schedule]: register schedule /Users/juvos/Desktop/Juvos/CodeLab/eraAcro/era-egg/node_modules/egg-multipart/app/schedule/clean_tmpdir.js
2022-02-24 16:39:17,008 INFO 35982 [egg-schedule]: register schedule /Users/juvos/Desktop/Juvos/CodeLab/eraAcro/era-egg/node_modules/egg-logrotator/app/schedule/clean_log.js
2022-02-24 16:39:17,008 INFO 35982 [egg-schedule]: register schedule /Users/juvos/Desktop/Juvos/CodeLab/eraAcro/era-egg/node_modules/egg-logrotator/app/schedule/rotate_by_file.js
2022-02-24 16:39:41,060 INFO 36008 [Timer] /Users/juvos/Desktop/Juvos/CodeLab/eraAcro/era-egg/node_modules/egg-multipart/app/schedule/clean_tmpdir.js next time will execute after 42618942ms at 2022-02-25 04:30:00.002
2022-02-24 16:39:41,060 INFO 36008 [Timer] /Users/juvos/Desktop/Juvos/CodeLab/eraAcro/era-egg/node_modules/egg-logrotator/app/schedule/clean_log.js next time will execute after 26418940ms at 2022-02-25 00:00:00.000
2022-02-24 16:39:41,060 INFO 36008 [Timer] /Users/juvos/Desktop/Juvos/CodeLab/eraAcro/era-egg/node_modules/egg-logrotator/app/schedule/rotate_by_file.js next time will execute after 26419940ms at 2022-02-25 00:00:01.000
2022-02-24 16:39:40,912 INFO 36009 [egg-schedule]: register schedule /Users/juvos/Desktop/Juvos/CodeLab/eraAcro/era-egg/node_modules/egg-multipart/app/schedule/clean_tmpdir.js
2022-02-24 16:39:40,912 INFO 36009 [egg-schedule]: register schedule /Users/juvos/Desktop/Juvos/CodeLab/eraAcro/era-egg/node_modules/egg-logrotator/app/schedule/clean_log.js
2022-02-24 16:39:40,912 INFO 36009 [egg-schedule]: register schedule /Users/juvos/Desktop/Juvos/CodeLab/eraAcro/era-egg/node_modules/egg-logrotator/app/schedule/rotate_by_file.js
2022-02-24 16:40:11,503 INFO 36024 [egg-schedule]: register schedule /Users/juvos/Desktop/Juvos/CodeLab/eraAcro/era-egg/node_modules/egg-multipart/app/schedule/clean_tmpdir.js
2022-02-24 16:40:11,503 INFO 36024 [egg-schedule]: register schedule /Users/juvos/Desktop/Juvos/CodeLab/eraAcro/era-egg/node_modules/egg-logrotator/app/schedule/clean_log.js
2022-02-24 16:40:11,503 INFO 36024 [egg-schedule]: register schedule /Users/juvos/Desktop/Juvos/CodeLab/eraAcro/era-egg/node_modules/egg-logrotator/app/schedule/rotate_by_file.js
2022-02-24 16:40:25,943 INFO 36034 [egg-schedule]: register schedule /Users/juvos/Desktop/Juvos/CodeLab/eraAcro/era-egg/node_modules/egg-multipart/app/schedule/clean_tmpdir.js
2022-02-24 16:40:25,943 INFO 36034 [egg-schedule]: register schedule /Users/juvos/Desktop/Juvos/CodeLab/eraAcro/era-egg/node_modules/egg-logrotator/app/schedule/clean_log.js
2022-02-24 16:40:25,943 INFO 36034 [egg-schedule]: register schedule /Users/juvos/Desktop/Juvos/CodeLab/eraAcro/era-egg/node_modules/egg-logrotator/app/schedule/rotate_by_file.js
2022-02-24 16:40:46,660 INFO 36043 [egg-schedule]: register schedule /Users/juvos/Desktop/Juvos/CodeLab/eraAcro/era-egg/node_modules/egg-multipart/app/schedule/clean_tmpdir.js
2022-02-24 16:40:46,660 INFO 36043 [egg-schedule]: register schedule /Users/juvos/Desktop/Juvos/CodeLab/eraAcro/era-egg/node_modules/egg-logrotator/app/schedule/clean_log.js
2022-02-24 16:40:46,660 INFO 36043 [egg-schedule]: register schedule /Users/juvos/Desktop/Juvos/CodeLab/eraAcro/era-egg/node_modules/egg-logrotator/app/schedule/rotate_by_file.js
2022-02-24 16:41:13,979 INFO 36055 [egg-schedule]: register schedule /Users/juvos/Desktop/Juvos/CodeLab/eraAcro/era-egg/node_modules/egg-multipart/app/schedule/clean_tmpdir.js
2022-02-24 16:41:13,979 INFO 36055 [egg-schedule]: register schedule /Users/juvos/Desktop/Juvos/CodeLab/eraAcro/era-egg/node_modules/egg-logrotator/app/schedule/clean_log.js
2022-02-24 16:41:13,979 INFO 36055 [egg-schedule]: register schedule /Users/juvos/Desktop/Juvos/CodeLab/eraAcro/era-egg/node_modules/egg-logrotator/app/schedule/rotate_by_file.js
2022-02-24 16:41:49,216 INFO 36068 [egg-schedule]: register schedule /Users/juvos/Desktop/Juvos/CodeLab/eraAcro/era-egg/node_modules/egg-multipart/app/schedule/clean_tmpdir.js
2022-02-24 16:41:49,216 INFO 36068 [egg-schedule]: register schedule /Users/juvos/Desktop/Juvos/CodeLab/eraAcro/era-egg/node_modules/egg-logrotator/app/schedule/clean_log.js
2022-02-24 16:41:49,216 INFO 36068 [egg-schedule]: register schedule /Users/juvos/Desktop/Juvos/CodeLab/eraAcro/era-egg/node_modules/egg-logrotator/app/schedule/rotate_by_file.js
2022-02-24 16:50:23,266 INFO 36227 [egg-schedule]: register schedule /Users/juvos/Desktop/Juvos/CodeLab/eraAcro/era-egg/node_modules/egg-multipart/app/schedule/clean_tmpdir.js
2022-02-24 16:50:23,266 INFO 36227 [egg-schedule]: register schedule /Users/juvos/Desktop/Juvos/CodeLab/eraAcro/era-egg/node_modules/egg-logrotator/app/schedule/clean_log.js
2022-02-24 16:50:23,266 INFO 36227 [egg-schedule]: register schedule /Users/juvos/Desktop/Juvos/CodeLab/eraAcro/era-egg/node_modules/egg-logrotator/app/schedule/rotate_by_file.js
2022-02-24 16:50:51,221 INFO 36243 [egg-schedule]: register schedule /Users/juvos/Desktop/Juvos/CodeLab/eraAcro/era-egg/node_modules/egg-multipart/app/schedule/clean_tmpdir.js
2022-02-24 16:50:51,221 INFO 36243 [egg-schedule]: register schedule /Users/juvos/Desktop/Juvos/CodeLab/eraAcro/era-egg/node_modules/egg-logrotator/app/schedule/clean_log.js
2022-02-24 16:50:51,221 INFO 36243 [egg-schedule]: register schedule /Users/juvos/Desktop/Juvos/CodeLab/eraAcro/era-egg/node_modules/egg-logrotator/app/schedule/rotate_by_file.js
2022-02-24 16:51:49,898 INFO 36271 [egg-schedule]: register schedule /Users/juvos/Desktop/Juvos/CodeLab/eraAcro/era-egg/node_modules/egg-multipart/app/schedule/clean_tmpdir.js
2022-02-24 16:51:49,898 INFO 36271 [egg-schedule]: register schedule /Users/juvos/Desktop/Juvos/CodeLab/eraAcro/era-egg/node_modules/egg-logrotator/app/schedule/clean_log.js
2022-02-24 16:51:49,898 INFO 36271 [egg-schedule]: register schedule /Users/juvos/Desktop/Juvos/CodeLab/eraAcro/era-egg/node_modules/egg-logrotator/app/schedule/rotate_by_file.js
2022-02-24 16:57:21,284 INFO 36424 [egg-schedule]: register schedule /Users/juvos/Desktop/Juvos/CodeLab/eraAcro/era-egg/node_modules/egg-multipart/app/schedule/clean_tmpdir.js
2022-02-24 16:57:21,284 INFO 36424 [egg-schedule]: register schedule /Users/juvos/Desktop/Juvos/CodeLab/eraAcro/era-egg/node_modules/egg-logrotator/app/schedule/clean_log.js
2022-02-24 16:57:21,284 INFO 36424 [egg-schedule]: register schedule /Users/juvos/Desktop/Juvos/CodeLab/eraAcro/era-egg/node_modules/egg-logrotator/app/schedule/rotate_by_file.js
2022-02-24 17:22:05,801 INFO 37083 [egg-schedule]: register schedule /Users/juvos/Desktop/Juvos/CodeLab/eraAcro/era-egg/node_modules/egg-multipart/app/schedule/clean_tmpdir.js
2022-02-24 17:22:05,801 INFO 37083 [egg-schedule]: register schedule /Users/juvos/Desktop/Juvos/CodeLab/eraAcro/era-egg/node_modules/egg-logrotator/app/schedule/clean_log.js
2022-02-24 17:22:05,801 INFO 37083 [egg-schedule]: register schedule /Users/juvos/Desktop/Juvos/CodeLab/eraAcro/era-egg/node_modules/egg-logrotator/app/schedule/rotate_by_file.js
2022-02-24 17:22:21,699 INFO 37099 [egg-schedule]: register schedule /Users/juvos/Desktop/Juvos/CodeLab/eraAcro/era-egg/node_modules/egg-multipart/app/schedule/clean_tmpdir.js
2022-02-24 17:22:21,699 INFO 37099 [egg-schedule]: register schedule /Users/juvos/Desktop/Juvos/CodeLab/eraAcro/era-egg/node_modules/egg-logrotator/app/schedule/clean_log.js
2022-02-24 17:22:21,699 INFO 37099 [egg-schedule]: register schedule /Users/juvos/Desktop/Juvos/CodeLab/eraAcro/era-egg/node_modules/egg-logrotator/app/schedule/rotate_by_file.js
2022-02-24 17:22:52,747 INFO 37110 [egg-schedule]: register schedule /Users/juvos/Desktop/Juvos/CodeLab/eraAcro/era-egg/node_modules/egg-multipart/app/schedule/clean_tmpdir.js
2022-02-24 17:22:52,747 INFO 37110 [egg-schedule]: register schedule /Users/juvos/Desktop/Juvos/CodeLab/eraAcro/era-egg/node_modules/egg-logrotator/app/schedule/clean_log.js
2022-02-24 17:22:52,747 INFO 37110 [egg-schedule]: register schedule /Users/juvos/Desktop/Juvos/CodeLab/eraAcro/era-egg/node_modules/egg-logrotator/app/schedule/rotate_by_file.js
2022-02-24 17:23:38,737 INFO 37132 [egg-schedule]: register schedule /Users/juvos/Desktop/Juvos/CodeLab/eraAcro/era-egg/node_modules/egg-multipart/app/schedule/clean_tmpdir.js
2022-02-24 17:23:38,737 INFO 37132 [egg-schedule]: register schedule /Users/juvos/Desktop/Juvos/CodeLab/eraAcro/era-egg/node_modules/egg-logrotator/app/schedule/clean_log.js
2022-02-24 17:23:38,737 INFO 37132 [egg-schedule]: register schedule /Users/juvos/Desktop/Juvos/CodeLab/eraAcro/era-egg/node_modules/egg-logrotator/app/schedule/rotate_by_file.js
2022-02-24 17:25:35,661 INFO 37220 [egg-schedule]: register schedule /Users/juvos/Desktop/Juvos/CodeLab/eraAcro/era-egg/node_modules/egg-multipart/app/schedule/clean_tmpdir.js
2022-02-24 17:25:35,661 INFO 37220 [egg-schedule]: register schedule /Users/juvos/Desktop/Juvos/CodeLab/eraAcro/era-egg/node_modules/egg-logrotator/app/schedule/clean_log.js
2022-02-24 17:25:35,661 INFO 37220 [egg-schedule]: register schedule /Users/juvos/Desktop/Juvos/CodeLab/eraAcro/era-egg/node_modules/egg-logrotator/app/schedule/rotate_by_file.js
2022-02-24 17:25:55,697 INFO 37232 [egg-schedule]: register schedule /Users/juvos/Desktop/Juvos/CodeLab/eraAcro/era-egg/node_modules/egg-multipart/app/schedule/clean_tmpdir.js
2022-02-24 17:25:55,697 INFO 37232 [egg-schedule]: register schedule /Users/juvos/Desktop/Juvos/CodeLab/eraAcro/era-egg/node_modules/egg-logrotator/app/schedule/clean_log.js
2022-02-24 17:25:55,697 INFO 37232 [egg-schedule]: register schedule /Users/juvos/Desktop/Juvos/CodeLab/eraAcro/era-egg/node_modules/egg-logrotator/app/schedule/rotate_by_file.js
2022-02-24 17:26:50,648 INFO 37286 [egg-schedule]: register schedule /Users/juvos/Desktop/Juvos/CodeLab/eraAcro/era-egg/node_modules/egg-multipart/app/schedule/clean_tmpdir.js
2022-02-24 17:26:50,648 INFO 37286 [egg-schedule]: register schedule /Users/juvos/Desktop/Juvos/CodeLab/eraAcro/era-egg/node_modules/egg-logrotator/app/schedule/clean_log.js
2022-02-24 17:26:50,648 INFO 37286 [egg-schedule]: register schedule /Users/juvos/Desktop/Juvos/CodeLab/eraAcro/era-egg/node_modules/egg-logrotator/app/schedule/rotate_by_file.js
2022-02-24 17:26:58,074 INFO 37302 [egg-schedule]: register schedule /Users/juvos/Desktop/Juvos/CodeLab/eraAcro/era-egg/node_modules/egg-multipart/app/schedule/clean_tmpdir.js
2022-02-24 17:26:58,074 INFO 37302 [egg-schedule]: register schedule /Users/juvos/Desktop/Juvos/CodeLab/eraAcro/era-egg/node_modules/egg-logrotator/app/schedule/clean_log.js
2022-02-24 17:26:58,074 INFO 37302 [egg-schedule]: register schedule /Users/juvos/Desktop/Juvos/CodeLab/eraAcro/era-egg/node_modules/egg-logrotator/app/schedule/rotate_by_file.js
2022-02-24 17:27:13,677 INFO 37313 [egg-schedule]: register schedule /Users/juvos/Desktop/Juvos/CodeLab/eraAcro/era-egg/node_modules/egg-multipart/app/schedule/clean_tmpdir.js
2022-02-24 17:27:13,677 INFO 37313 [egg-schedule]: register schedule /Users/juvos/Desktop/Juvos/CodeLab/eraAcro/era-egg/node_modules/egg-logrotator/app/schedule/clean_log.js
2022-02-24 17:27:13,677 INFO 37313 [egg-schedule]: register schedule /Users/juvos/Desktop/Juvos/CodeLab/eraAcro/era-egg/node_modules/egg-logrotator/app/schedule/rotate_by_file.js
2022-02-24 17:29:04,858 INFO 37367 [egg-schedule]: register schedule /Users/juvos/Desktop/Juvos/CodeLab/eraAcro/era-egg/node_modules/egg-multipart/app/schedule/clean_tmpdir.js
2022-02-24 17:29:04,858 INFO 37367 [egg-schedule]: register schedule /Users/juvos/Desktop/Juvos/CodeLab/eraAcro/era-egg/node_modules/egg-logrotator/app/schedule/clean_log.js
2022-02-24 17:29:04,858 INFO 37367 [egg-schedule]: register schedule /Users/juvos/Desktop/Juvos/CodeLab/eraAcro/era-egg/node_modules/egg-logrotator/app/schedule/rotate_by_file.js
2022-02-24 17:29:13,427 INFO 37382 [egg-schedule]: register schedule /Users/juvos/Desktop/Juvos/CodeLab/eraAcro/era-egg/node_modules/egg-multipart/app/schedule/clean_tmpdir.js
2022-02-24 17:29:13,427 INFO 37382 [egg-schedule]: register schedule /Users/juvos/Desktop/Juvos/CodeLab/eraAcro/era-egg/node_modules/egg-logrotator/app/schedule/clean_log.js
2022-02-24 17:29:13,427 INFO 37382 [egg-schedule]: register schedule /Users/juvos/Desktop/Juvos/CodeLab/eraAcro/era-egg/node_modules/egg-logrotator/app/schedule/rotate_by_file.js
2022-02-24 17:29:32,206 INFO 37392 [egg-schedule]: register schedule /Users/juvos/Desktop/Juvos/CodeLab/eraAcro/era-egg/node_modules/egg-multipart/app/schedule/clean_tmpdir.js
2022-02-24 17:29:32,206 INFO 37392 [egg-schedule]: register schedule /Users/juvos/Desktop/Juvos/CodeLab/eraAcro/era-egg/node_modules/egg-logrotator/app/schedule/clean_log.js
2022-02-24 17:29:32,206 INFO 37392 [egg-schedule]: register schedule /Users/juvos/Desktop/Juvos/CodeLab/eraAcro/era-egg/node_modules/egg-logrotator/app/schedule/rotate_by_file.js
2022-02-24 17:30:35,050 INFO 37414 [egg-schedule]: register schedule /Users/juvos/Desktop/Juvos/CodeLab/eraAcro/era-egg/node_modules/egg-multipart/app/schedule/clean_tmpdir.js
2022-02-24 17:30:35,050 INFO 37414 [egg-schedule]: register schedule /Users/juvos/Desktop/Juvos/CodeLab/eraAcro/era-egg/node_modules/egg-logrotator/app/schedule/clean_log.js
2022-02-24 17:30:35,050 INFO 37414 [egg-schedule]: register schedule /Users/juvos/Desktop/Juvos/CodeLab/eraAcro/era-egg/node_modules/egg-logrotator/app/schedule/rotate_by_file.js
2022-02-24 17:30:41,185 INFO 37434 [egg-schedule]: register schedule /Users/juvos/Desktop/Juvos/CodeLab/eraAcro/era-egg/node_modules/egg-multipart/app/schedule/clean_tmpdir.js
2022-02-24 17:30:41,185 INFO 37434 [egg-schedule]: register schedule /Users/juvos/Desktop/Juvos/CodeLab/eraAcro/era-egg/node_modules/egg-logrotator/app/schedule/clean_log.js
2022-02-24 17:30:41,185 INFO 37434 [egg-schedule]: register schedule /Users/juvos/Desktop/Juvos/CodeLab/eraAcro/era-egg/node_modules/egg-logrotator/app/schedule/rotate_by_file.js
2022-02-24 17:30:50,163 INFO 37440 [egg-schedule]: register schedule /Users/juvos/Desktop/Juvos/CodeLab/eraAcro/era-egg/node_modules/egg-multipart/app/schedule/clean_tmpdir.js
2022-02-24 17:30:50,163 INFO 37440 [egg-schedule]: register schedule /Users/juvos/Desktop/Juvos/CodeLab/eraAcro/era-egg/node_modules/egg-logrotator/app/schedule/clean_log.js
2022-02-24 17:30:50,163 INFO 37440 [egg-schedule]: register schedule /Users/juvos/Desktop/Juvos/CodeLab/eraAcro/era-egg/node_modules/egg-logrotator/app/schedule/rotate_by_file.js
2022-02-24 17:30:55,955 INFO 37451 [egg-schedule]: register schedule /Users/juvos/Desktop/Juvos/CodeLab/eraAcro/era-egg/node_modules/egg-multipart/app/schedule/clean_tmpdir.js
2022-02-24 17:30:55,955 INFO 37451 [egg-schedule]: register schedule /Users/juvos/Desktop/Juvos/CodeLab/eraAcro/era-egg/node_modules/egg-logrotator/app/schedule/clean_log.js
2022-02-24 17:30:55,955 INFO 37451 [egg-schedule]: register schedule /Users/juvos/Desktop/Juvos/CodeLab/eraAcro/era-egg/node_modules/egg-logrotator/app/schedule/rotate_by_file.js
2022-02-24 17:31:19,238 INFO 37468 [egg-schedule]: register schedule /Users/juvos/Desktop/Juvos/CodeLab/eraAcro/era-egg/node_modules/egg-multipart/app/schedule/clean_tmpdir.js
2022-02-24 17:31:19,238 INFO 37468 [egg-schedule]: register schedule /Users/juvos/Desktop/Juvos/CodeLab/eraAcro/era-egg/node_modules/egg-logrotator/app/schedule/clean_log.js
2022-02-24 17:31:19,238 INFO 37468 [egg-schedule]: register schedule /Users/juvos/Desktop/Juvos/CodeLab/eraAcro/era-egg/node_modules/egg-logrotator/app/schedule/rotate_by_file.js
2022-02-24 17:32:47,375 INFO 37503 [egg-schedule]: register schedule /Users/juvos/Desktop/Juvos/CodeLab/eraAcro/era-egg/node_modules/egg-multipart/app/schedule/clean_tmpdir.js
2022-02-24 17:32:47,375 INFO 37503 [egg-schedule]: register schedule /Users/juvos/Desktop/Juvos/CodeLab/eraAcro/era-egg/node_modules/egg-logrotator/app/schedule/clean_log.js
2022-02-24 17:32:47,375 INFO 37503 [egg-schedule]: register schedule /Users/juvos/Desktop/Juvos/CodeLab/eraAcro/era-egg/node_modules/egg-logrotator/app/schedule/rotate_by_file.js
2022-02-24 17:34:05,588 INFO 37528 [egg-schedule]: register schedule /Users/juvos/Desktop/Juvos/CodeLab/eraAcro/era-egg/node_modules/egg-multipart/app/schedule/clean_tmpdir.js
2022-02-24 17:34:05,588 INFO 37528 [egg-schedule]: register schedule /Users/juvos/Desktop/Juvos/CodeLab/eraAcro/era-egg/node_modules/egg-logrotator/app/schedule/clean_log.js
2022-02-24 17:34:05,588 INFO 37528 [egg-schedule]: register schedule /Users/juvos/Desktop/Juvos/CodeLab/eraAcro/era-egg/node_modules/egg-logrotator/app/schedule/rotate_by_file.js
2022-02-24 17:35:09,434 INFO 37553 [egg-schedule]: register schedule /Users/juvos/Desktop/Juvos/CodeLab/eraAcro/era-egg/node_modules/egg-multipart/app/schedule/clean_tmpdir.js
2022-02-24 17:35:09,434 INFO 37553 [egg-schedule]: register schedule /Users/juvos/Desktop/Juvos/CodeLab/eraAcro/era-egg/node_modules/egg-logrotator/app/schedule/clean_log.js
2022-02-24 17:35:09,434 INFO 37553 [egg-schedule]: register schedule /Users/juvos/Desktop/Juvos/CodeLab/eraAcro/era-egg/node_modules/egg-logrotator/app/schedule/rotate_by_file.js
2022-02-24 17:35:40,106 INFO 37568 [egg-schedule]: register schedule /Users/juvos/Desktop/Juvos/CodeLab/eraAcro/era-egg/node_modules/egg-multipart/app/schedule/clean_tmpdir.js
2022-02-24 17:35:40,106 INFO 37568 [egg-schedule]: register schedule /Users/juvos/Desktop/Juvos/CodeLab/eraAcro/era-egg/node_modules/egg-logrotator/app/schedule/clean_log.js
2022-02-24 17:35:40,106 INFO 37568 [egg-schedule]: register schedule /Users/juvos/Desktop/Juvos/CodeLab/eraAcro/era-egg/node_modules/egg-logrotator/app/schedule/rotate_by_file.js
2022-02-24 17:37:13,050 INFO 37633 [egg-schedule]: register schedule /Users/juvos/Desktop/Juvos/CodeLab/eraAcro/era-egg/node_modules/egg-multipart/app/schedule/clean_tmpdir.js
2022-02-24 17:37:13,050 INFO 37633 [egg-schedule]: register schedule /Users/juvos/Desktop/Juvos/CodeLab/eraAcro/era-egg/node_modules/egg-logrotator/app/schedule/clean_log.js
2022-02-24 17:37:13,050 INFO 37633 [egg-schedule]: register schedule /Users/juvos/Desktop/Juvos/CodeLab/eraAcro/era-egg/node_modules/egg-logrotator/app/schedule/rotate_by_file.js
2022-02-24 17:37:19,060 INFO 37639 [egg-schedule]: register schedule /Users/juvos/Desktop/Juvos/CodeLab/eraAcro/era-egg/node_modules/egg-multipart/app/schedule/clean_tmpdir.js
2022-02-24 17:37:19,060 INFO 37639 [egg-schedule]: register schedule /Users/juvos/Desktop/Juvos/CodeLab/eraAcro/era-egg/node_modules/egg-logrotator/app/schedule/clean_log.js
2022-02-24 17:37:19,060 INFO 37639 [egg-schedule]: register schedule /Users/juvos/Desktop/Juvos/CodeLab/eraAcro/era-egg/node_modules/egg-logrotator/app/schedule/rotate_by_file.js
2022-02-24 17:38:56,794 INFO 37748 [egg-schedule]: register schedule /Users/juvos/Desktop/Juvos/CodeLab/eraAcro/era-egg/node_modules/egg-multipart/app/schedule/clean_tmpdir.js
2022-02-24 17:38:56,794 INFO 37748 [egg-schedule]: register schedule /Users/juvos/Desktop/Juvos/CodeLab/eraAcro/era-egg/node_modules/egg-logrotator/app/schedule/clean_log.js
2022-02-24 17:38:56,794 INFO 37748 [egg-schedule]: register schedule /Users/juvos/Desktop/Juvos/CodeLab/eraAcro/era-egg/node_modules/egg-logrotator/app/schedule/rotate_by_file.js
2022-02-24 17:39:18,443 INFO 37762 [egg-schedule]: register schedule /Users/juvos/Desktop/Juvos/CodeLab/eraAcro/era-egg/node_modules/egg-multipart/app/schedule/clean_tmpdir.js
2022-02-24 17:39:18,443 INFO 37762 [egg-schedule]: register schedule /Users/juvos/Desktop/Juvos/CodeLab/eraAcro/era-egg/node_modules/egg-logrotator/app/schedule/clean_log.js
2022-02-24 17:39:18,443 INFO 37762 [egg-schedule]: register schedule /Users/juvos/Desktop/Juvos/CodeLab/eraAcro/era-egg/node_modules/egg-logrotator/app/schedule/rotate_by_file.js
2022-02-24 17:41:52,277 INFO 37840 [egg-schedule]: register schedule /Users/juvos/Desktop/Juvos/CodeLab/eraAcro/era-egg/node_modules/egg-multipart/app/schedule/clean_tmpdir.js
2022-02-24 17:41:52,277 INFO 37840 [egg-schedule]: register schedule /Users/juvos/Desktop/Juvos/CodeLab/eraAcro/era-egg/node_modules/egg-logrotator/app/schedule/clean_log.js
2022-02-24 17:41:52,277 INFO 37840 [egg-schedule]: register schedule /Users/juvos/Desktop/Juvos/CodeLab/eraAcro/era-egg/node_modules/egg-logrotator/app/schedule/rotate_by_file.js
2022-02-24 17:42:08,956 INFO 37846 [egg-schedule]: register schedule /Users/juvos/Desktop/Juvos/CodeLab/eraAcro/era-egg/node_modules/egg-multipart/app/schedule/clean_tmpdir.js
2022-02-24 17:42:08,956 INFO 37846 [egg-schedule]: register schedule /Users/juvos/Desktop/Juvos/CodeLab/eraAcro/era-egg/node_modules/egg-logrotator/app/schedule/clean_log.js
2022-02-24 17:42:08,956 INFO 37846 [egg-schedule]: register schedule /Users/juvos/Desktop/Juvos/CodeLab/eraAcro/era-egg/node_modules/egg-logrotator/app/schedule/rotate_by_file.js
2022-02-24 17:42:11,706 INFO 37853 [egg-schedule]: register schedule /Users/juvos/Desktop/Juvos/CodeLab/eraAcro/era-egg/node_modules/egg-multipart/app/schedule/clean_tmpdir.js
2022-02-24 17:42:11,706 INFO 37853 [egg-schedule]: register schedule /Users/juvos/Desktop/Juvos/CodeLab/eraAcro/era-egg/node_modules/egg-logrotator/app/schedule/clean_log.js
2022-02-24 17:42:11,706 INFO 37853 [egg-schedule]: register schedule /Users/juvos/Desktop/Juvos/CodeLab/eraAcro/era-egg/node_modules/egg-logrotator/app/schedule/rotate_by_file.js
2022-02-24 17:42:45,979 INFO 37868 [egg-schedule]: register schedule /Users/juvos/Desktop/Juvos/CodeLab/eraAcro/era-egg/node_modules/egg-multipart/app/schedule/clean_tmpdir.js
2022-02-24 17:42:45,979 INFO 37868 [egg-schedule]: register schedule /Users/juvos/Desktop/Juvos/CodeLab/eraAcro/era-egg/node_modules/egg-logrotator/app/schedule/clean_log.js
2022-02-24 17:42:45,979 INFO 37868 [egg-schedule]: register schedule /Users/juvos/Desktop/Juvos/CodeLab/eraAcro/era-egg/node_modules/egg-logrotator/app/schedule/rotate_by_file.js
2022-02-24 17:42:50,730 INFO 37874 [egg-schedule]: register schedule /Users/juvos/Desktop/Juvos/CodeLab/eraAcro/era-egg/node_modules/egg-multipart/app/schedule/clean_tmpdir.js
2022-02-24 17:42:50,730 INFO 37874 [egg-schedule]: register schedule /Users/juvos/Desktop/Juvos/CodeLab/eraAcro/era-egg/node_modules/egg-logrotator/app/schedule/clean_log.js
2022-02-24 17:42:50,730 INFO 37874 [egg-schedule]: register schedule /Users/juvos/Desktop/Juvos/CodeLab/eraAcro/era-egg/node_modules/egg-logrotator/app/schedule/rotate_by_file.js
2022-02-24 17:43:02,489 INFO 37884 [egg-schedule]: register schedule /Users/juvos/Desktop/Juvos/CodeLab/eraAcro/era-egg/node_modules/egg-multipart/app/schedule/clean_tmpdir.js
2022-02-24 17:43:02,489 INFO 37884 [egg-schedule]: register schedule /Users/juvos/Desktop/Juvos/CodeLab/eraAcro/era-egg/node_modules/egg-logrotator/app/schedule/clean_log.js
2022-02-24 17:43:02,489 INFO 37884 [egg-schedule]: register schedule /Users/juvos/Desktop/Juvos/CodeLab/eraAcro/era-egg/node_modules/egg-logrotator/app/schedule/rotate_by_file.js
2022-02-24 17:43:05,428 INFO 37887 [egg-schedule]: register schedule /Users/juvos/Desktop/Juvos/CodeLab/eraAcro/era-egg/node_modules/egg-multipart/app/schedule/clean_tmpdir.js
2022-02-24 17:43:05,428 INFO 37887 [egg-schedule]: register schedule /Users/juvos/Desktop/Juvos/CodeLab/eraAcro/era-egg/node_modules/egg-logrotator/app/schedule/clean_log.js
2022-02-24 17:43:05,428 INFO 37887 [egg-schedule]: register schedule /Users/juvos/Desktop/Juvos/CodeLab/eraAcro/era-egg/node_modules/egg-logrotator/app/schedule/rotate_by_file.js
2022-02-24 17:43:29,876 INFO 37896 [egg-schedule]: register schedule /Users/juvos/Desktop/Juvos/CodeLab/eraAcro/era-egg/node_modules/egg-multipart/app/schedule/clean_tmpdir.js
2022-02-24 17:43:29,876 INFO 37896 [egg-schedule]: register schedule /Users/juvos/Desktop/Juvos/CodeLab/eraAcro/era-egg/node_modules/egg-logrotator/app/schedule/clean_log.js
2022-02-24 17:43:29,876 INFO 37896 [egg-schedule]: register schedule /Users/juvos/Desktop/Juvos/CodeLab/eraAcro/era-egg/node_modules/egg-logrotator/app/schedule/rotate_by_file.js
2022-02-24 17:43:43,098 INFO 37910 [egg-schedule]: register schedule /Users/juvos/Desktop/Juvos/CodeLab/eraAcro/era-egg/node_modules/egg-multipart/app/schedule/clean_tmpdir.js
2022-02-24 17:43:43,098 INFO 37910 [egg-schedule]: register schedule /Users/juvos/Desktop/Juvos/CodeLab/eraAcro/era-egg/node_modules/egg-logrotator/app/schedule/clean_log.js
2022-02-24 17:43:43,098 INFO 37910 [egg-schedule]: register schedule /Users/juvos/Desktop/Juvos/CodeLab/eraAcro/era-egg/node_modules/egg-logrotator/app/schedule/rotate_by_file.js
2022-02-24 17:43:52,147 INFO 37917 [egg-schedule]: register schedule /Users/juvos/Desktop/Juvos/CodeLab/eraAcro/era-egg/node_modules/egg-multipart/app/schedule/clean_tmpdir.js
2022-02-24 17:43:52,147 INFO 37917 [egg-schedule]: register schedule /Users/juvos/Desktop/Juvos/CodeLab/eraAcro/era-egg/node_modules/egg-logrotator/app/schedule/clean_log.js
2022-02-24 17:43:52,147 INFO 37917 [egg-schedule]: register schedule /Users/juvos/Desktop/Juvos/CodeLab/eraAcro/era-egg/node_modules/egg-logrotator/app/schedule/rotate_by_file.js
2022-02-24 17:45:21,673 INFO 37974 [egg-schedule]: register schedule /Users/juvos/Desktop/Juvos/CodeLab/eraAcro/era-egg/node_modules/egg-multipart/app/schedule/clean_tmpdir.js
2022-02-24 17:45:21,673 INFO 37974 [egg-schedule]: register schedule /Users/juvos/Desktop/Juvos/CodeLab/eraAcro/era-egg/node_modules/egg-logrotator/app/schedule/clean_log.js
2022-02-24 17:45:21,673 INFO 37974 [egg-schedule]: register schedule /Users/juvos/Desktop/Juvos/CodeLab/eraAcro/era-egg/node_modules/egg-logrotator/app/schedule/rotate_by_file.js
2022-02-24 17:45:47,428 INFO 37987 [egg-schedule]: register schedule /Users/juvos/Desktop/Juvos/CodeLab/eraAcro/era-egg/node_modules/egg-multipart/app/schedule/clean_tmpdir.js
2022-02-24 17:45:47,428 INFO 37987 [egg-schedule]: register schedule /Users/juvos/Desktop/Juvos/CodeLab/eraAcro/era-egg/node_modules/egg-logrotator/app/schedule/clean_log.js
2022-02-24 17:45:47,428 INFO 37987 [egg-schedule]: register schedule /Users/juvos/Desktop/Juvos/CodeLab/eraAcro/era-egg/node_modules/egg-logrotator/app/schedule/rotate_by_file.js
2022-02-24 17:46:06,829 INFO 37997 [egg-schedule]: register schedule /Users/juvos/Desktop/Juvos/CodeLab/eraAcro/era-egg/node_modules/egg-multipart/app/schedule/clean_tmpdir.js
2022-02-24 17:46:06,829 INFO 37997 [egg-schedule]: register schedule /Users/juvos/Desktop/Juvos/CodeLab/eraAcro/era-egg/node_modules/egg-logrotator/app/schedule/clean_log.js
2022-02-24 17:46:06,829 INFO 37997 [egg-schedule]: register schedule /Users/juvos/Desktop/Juvos/CodeLab/eraAcro/era-egg/node_modules/egg-logrotator/app/schedule/rotate_by_file.js
2022-02-24 17:46:13,884 INFO 38015 [Timer] /Users/juvos/Desktop/Juvos/CodeLab/eraAcro/era-egg/node_modules/egg-multipart/app/schedule/clean_tmpdir.js next time will execute after 38626118ms at 2022-02-25 04:30:00.002
2022-02-24 17:46:13,884 INFO 38015 [Timer] /Users/juvos/Desktop/Juvos/CodeLab/eraAcro/era-egg/node_modules/egg-logrotator/app/schedule/clean_log.js next time will execute after 22426116ms at 2022-02-25 00:00:00.000
2022-02-24 17:46:13,884 INFO 38015 [Timer] /Users/juvos/Desktop/Juvos/CodeLab/eraAcro/era-egg/node_modules/egg-logrotator/app/schedule/rotate_by_file.js next time will execute after 22427116ms at 2022-02-25 00:00:01.000
2022-02-24 17:46:13,803 INFO 38016 [egg-schedule]: register schedule /Users/juvos/Desktop/Juvos/CodeLab/eraAcro/era-egg/node_modules/egg-multipart/app/schedule/clean_tmpdir.js
2022-02-24 17:46:13,803 INFO 38016 [egg-schedule]: register schedule /Users/juvos/Desktop/Juvos/CodeLab/eraAcro/era-egg/node_modules/egg-logrotator/app/schedule/clean_log.js
2022-02-24 17:46:13,803 INFO 38016 [egg-schedule]: register schedule /Users/juvos/Desktop/Juvos/CodeLab/eraAcro/era-egg/node_modules/egg-logrotator/app/schedule/rotate_by_file.js
2022-02-24 17:46:52,625 INFO 38030 [egg-schedule]: register schedule /Users/juvos/Desktop/Juvos/CodeLab/eraAcro/era-egg/node_modules/egg-multipart/app/schedule/clean_tmpdir.js
2022-02-24 17:46:52,626 INFO 38030 [egg-schedule]: register schedule /Users/juvos/Desktop/Juvos/CodeLab/eraAcro/era-egg/node_modules/egg-logrotator/app/schedule/clean_log.js
2022-02-24 17:46:52,626 INFO 38030 [egg-schedule]: register schedule /Users/juvos/Desktop/Juvos/CodeLab/eraAcro/era-egg/node_modules/egg-logrotator/app/schedule/rotate_by_file.js
2022-02-24 17:47:05,985 INFO 38041 [egg-schedule]: register schedule /Users/juvos/Desktop/Juvos/CodeLab/eraAcro/era-egg/node_modules/egg-multipart/app/schedule/clean_tmpdir.js
2022-02-24 17:47:05,985 INFO 38041 [egg-schedule]: register schedule /Users/juvos/Desktop/Juvos/CodeLab/eraAcro/era-egg/node_modules/egg-logrotator/app/schedule/clean_log.js
2022-02-24 17:47:05,985 INFO 38041 [egg-schedule]: register schedule /Users/juvos/Desktop/Juvos/CodeLab/eraAcro/era-egg/node_modules/egg-logrotator/app/schedule/rotate_by_file.js
2022-02-24 17:47:32,658 INFO 38056 [egg-schedule]: register schedule /Users/juvos/Desktop/Juvos/CodeLab/eraAcro/era-egg/node_modules/egg-multipart/app/schedule/clean_tmpdir.js
2022-02-24 17:47:32,658 INFO 38056 [egg-schedule]: register schedule /Users/juvos/Desktop/Juvos/CodeLab/eraAcro/era-egg/node_modules/egg-logrotator/app/schedule/clean_log.js
2022-02-24 17:47:32,658 INFO 38056 [egg-schedule]: register schedule /Users/juvos/Desktop/Juvos/CodeLab/eraAcro/era-egg/node_modules/egg-logrotator/app/schedule/rotate_by_file.js
2022-02-24 17:47:50,890 INFO 38071 [egg-schedule]: register schedule /Users/juvos/Desktop/Juvos/CodeLab/eraAcro/era-egg/node_modules/egg-multipart/app/schedule/clean_tmpdir.js
2022-02-24 17:47:50,890 INFO 38071 [egg-schedule]: register schedule /Users/juvos/Desktop/Juvos/CodeLab/eraAcro/era-egg/node_modules/egg-logrotator/app/schedule/clean_log.js
2022-02-24 17:47:50,890 INFO 38071 [egg-schedule]: register schedule /Users/juvos/Desktop/Juvos/CodeLab/eraAcro/era-egg/node_modules/egg-logrotator/app/schedule/rotate_by_file.js
2022-02-24 17:47:53,746 INFO 38076 [egg-schedule]: register schedule /Users/juvos/Desktop/Juvos/CodeLab/eraAcro/era-egg/node_modules/egg-multipart/app/schedule/clean_tmpdir.js
2022-02-24 17:47:53,746 INFO 38076 [egg-schedule]: register schedule /Users/juvos/Desktop/Juvos/CodeLab/eraAcro/era-egg/node_modules/egg-logrotator/app/schedule/clean_log.js
2022-02-24 17:47:53,746 INFO 38076 [egg-schedule]: register schedule /Users/juvos/Desktop/Juvos/CodeLab/eraAcro/era-egg/node_modules/egg-logrotator/app/schedule/rotate_by_file.js
2022-02-24 17:48:07,056 INFO 38081 [egg-schedule]: register schedule /Users/juvos/Desktop/Juvos/CodeLab/eraAcro/era-egg/node_modules/egg-multipart/app/schedule/clean_tmpdir.js
2022-02-24 17:48:07,056 INFO 38081 [egg-schedule]: register schedule /Users/juvos/Desktop/Juvos/CodeLab/eraAcro/era-egg/node_modules/egg-logrotator/app/schedule/clean_log.js
2022-02-24 17:48:07,056 INFO 38081 [egg-schedule]: register schedule /Users/juvos/Desktop/Juvos/CodeLab/eraAcro/era-egg/node_modules/egg-logrotator/app/schedule/rotate_by_file.js
2022-02-24 17:48:50,181 INFO 38102 [egg-schedule]: register schedule /Users/juvos/Desktop/Juvos/CodeLab/eraAcro/era-egg/node_modules/egg-multipart/app/schedule/clean_tmpdir.js
2022-02-24 17:48:50,181 INFO 38102 [egg-schedule]: register schedule /Users/juvos/Desktop/Juvos/CodeLab/eraAcro/era-egg/node_modules/egg-logrotator/app/schedule/clean_log.js
2022-02-24 17:48:50,181 INFO 38102 [egg-schedule]: register schedule /Users/juvos/Desktop/Juvos/CodeLab/eraAcro/era-egg/node_modules/egg-logrotator/app/schedule/rotate_by_file.js
2022-02-24 17:48:58,947 INFO 38114 [egg-schedule]: register schedule /Users/juvos/Desktop/Juvos/CodeLab/eraAcro/era-egg/node_modules/egg-multipart/app/schedule/clean_tmpdir.js
2022-02-24 17:48:58,947 INFO 38114 [egg-schedule]: register schedule /Users/juvos/Desktop/Juvos/CodeLab/eraAcro/era-egg/node_modules/egg-logrotator/app/schedule/clean_log.js
2022-02-24 17:48:58,947 INFO 38114 [egg-schedule]: register schedule /Users/juvos/Desktop/Juvos/CodeLab/eraAcro/era-egg/node_modules/egg-logrotator/app/schedule/rotate_by_file.js
2022-02-24 17:49:07,524 INFO 38119 [egg-schedule]: register schedule /Users/juvos/Desktop/Juvos/CodeLab/eraAcro/era-egg/node_modules/egg-multipart/app/schedule/clean_tmpdir.js
2022-02-24 17:49:07,524 INFO 38119 [egg-schedule]: register schedule /Users/juvos/Desktop/Juvos/CodeLab/eraAcro/era-egg/node_modules/egg-logrotator/app/schedule/clean_log.js
2022-02-24 17:49:07,524 INFO 38119 [egg-schedule]: register schedule /Users/juvos/Desktop/Juvos/CodeLab/eraAcro/era-egg/node_modules/egg-logrotator/app/schedule/rotate_by_file.js
2022-02-24 17:49:16,553 INFO 38128 [egg-schedule]: register schedule /Users/juvos/Desktop/Juvos/CodeLab/eraAcro/era-egg/node_modules/egg-multipart/app/schedule/clean_tmpdir.js
2022-02-24 17:49:16,553 INFO 38128 [egg-schedule]: register schedule /Users/juvos/Desktop/Juvos/CodeLab/eraAcro/era-egg/node_modules/egg-logrotator/app/schedule/clean_log.js
2022-02-24 17:49:16,553 INFO 38128 [egg-schedule]: register schedule /Users/juvos/Desktop/Juvos/CodeLab/eraAcro/era-egg/node_modules/egg-logrotator/app/schedule/rotate_by_file.js
2022-02-24 17:49:34,824 INFO 38135 [egg-schedule]: register schedule /Users/juvos/Desktop/Juvos/CodeLab/eraAcro/era-egg/node_modules/egg-multipart/app/schedule/clean_tmpdir.js
2022-02-24 17:49:34,824 INFO 38135 [egg-schedule]: register schedule /Users/juvos/Desktop/Juvos/CodeLab/eraAcro/era-egg/node_modules/egg-logrotator/app/schedule/clean_log.js
2022-02-24 17:49:34,824 INFO 38135 [egg-schedule]: register schedule /Users/juvos/Desktop/Juvos/CodeLab/eraAcro/era-egg/node_modules/egg-logrotator/app/schedule/rotate_by_file.js
2022-02-24 17:50:12,341 INFO 38153 [egg-schedule]: register schedule /Users/juvos/Desktop/Juvos/CodeLab/eraAcro/era-egg/node_modules/egg-multipart/app/schedule/clean_tmpdir.js
2022-02-24 17:50:12,341 INFO 38153 [egg-schedule]: register schedule /Users/juvos/Desktop/Juvos/CodeLab/eraAcro/era-egg/node_modules/egg-logrotator/app/schedule/clean_log.js
2022-02-24 17:50:12,341 INFO 38153 [egg-schedule]: register schedule /Users/juvos/Desktop/Juvos/CodeLab/eraAcro/era-egg/node_modules/egg-logrotator/app/schedule/rotate_by_file.js
2022-02-24 17:50:26,458 INFO 38164 [egg-schedule]: register schedule /Users/juvos/Desktop/Juvos/CodeLab/eraAcro/era-egg/node_modules/egg-multipart/app/schedule/clean_tmpdir.js
2022-02-24 17:50:26,458 INFO 38164 [egg-schedule]: register schedule /Users/juvos/Desktop/Juvos/CodeLab/eraAcro/era-egg/node_modules/egg-logrotator/app/schedule/clean_log.js
2022-02-24 17:50:26,458 INFO 38164 [egg-schedule]: register schedule /Users/juvos/Desktop/Juvos/CodeLab/eraAcro/era-egg/node_modules/egg-logrotator/app/schedule/rotate_by_file.js
2022-02-24 17:51:16,929 INFO 38191 [egg-schedule]: register schedule /Users/juvos/Desktop/Juvos/CodeLab/eraAcro/era-egg/node_modules/egg-multipart/app/schedule/clean_tmpdir.js
2022-02-24 17:51:16,929 INFO 38191 [egg-schedule]: register schedule /Users/juvos/Desktop/Juvos/CodeLab/eraAcro/era-egg/node_modules/egg-logrotator/app/schedule/clean_log.js
2022-02-24 17:51:16,929 INFO 38191 [egg-schedule]: register schedule /Users/juvos/Desktop/Juvos/CodeLab/eraAcro/era-egg/node_modules/egg-logrotator/app/schedule/rotate_by_file.js
2022-02-24 17:51:29,368 INFO 38199 [egg-schedule]: register schedule /Users/juvos/Desktop/Juvos/CodeLab/eraAcro/era-egg/node_modules/egg-multipart/app/schedule/clean_tmpdir.js
2022-02-24 17:51:29,368 INFO 38199 [egg-schedule]: register schedule /Users/juvos/Desktop/Juvos/CodeLab/eraAcro/era-egg/node_modules/egg-logrotator/app/schedule/clean_log.js
2022-02-24 17:51:29,368 INFO 38199 [egg-schedule]: register schedule /Users/juvos/Desktop/Juvos/CodeLab/eraAcro/era-egg/node_modules/egg-logrotator/app/schedule/rotate_by_file.js
2022-02-24 17:52:54,754 INFO 38269 [egg-schedule]: register schedule /Users/juvos/Desktop/Juvos/CodeLab/eraAcro/era-egg/node_modules/egg-multipart/app/schedule/clean_tmpdir.js
2022-02-24 17:52:54,755 INFO 38269 [egg-schedule]: register schedule /Users/juvos/Desktop/Juvos/CodeLab/eraAcro/era-egg/node_modules/egg-logrotator/app/schedule/clean_log.js
2022-02-24 17:52:54,755 INFO 38269 [egg-schedule]: register schedule /Users/juvos/Desktop/Juvos/CodeLab/eraAcro/era-egg/node_modules/egg-logrotator/app/schedule/rotate_by_file.js
2022-02-24 17:53:00,885 INFO 38280 [egg-schedule]: register schedule /Users/juvos/Desktop/Juvos/CodeLab/eraAcro/era-egg/node_modules/egg-multipart/app/schedule/clean_tmpdir.js
2022-02-24 17:53:00,885 INFO 38280 [egg-schedule]: register schedule /Users/juvos/Desktop/Juvos/CodeLab/eraAcro/era-egg/node_modules/egg-logrotator/app/schedule/clean_log.js
2022-02-24 17:53:00,885 INFO 38280 [egg-schedule]: register schedule /Users/juvos/Desktop/Juvos/CodeLab/eraAcro/era-egg/node_modules/egg-logrotator/app/schedule/rotate_by_file.js
2022-02-24 17:53:13,789 INFO 38289 [egg-schedule]: register schedule /Users/juvos/Desktop/Juvos/CodeLab/eraAcro/era-egg/node_modules/egg-multipart/app/schedule/clean_tmpdir.js
2022-02-24 17:53:13,789 INFO 38289 [egg-schedule]: register schedule /Users/juvos/Desktop/Juvos/CodeLab/eraAcro/era-egg/node_modules/egg-logrotator/app/schedule/clean_log.js
2022-02-24 17:53:13,789 INFO 38289 [egg-schedule]: register schedule /Users/juvos/Desktop/Juvos/CodeLab/eraAcro/era-egg/node_modules/egg-logrotator/app/schedule/rotate_by_file.js
2022-02-24 17:53:19,530 INFO 38293 [egg-schedule]: register schedule /Users/juvos/Desktop/Juvos/CodeLab/eraAcro/era-egg/node_modules/egg-multipart/app/schedule/clean_tmpdir.js
2022-02-24 17:53:19,530 INFO 38293 [egg-schedule]: register schedule /Users/juvos/Desktop/Juvos/CodeLab/eraAcro/era-egg/node_modules/egg-logrotator/app/schedule/clean_log.js
2022-02-24 17:53:19,530 INFO 38293 [egg-schedule]: register schedule /Users/juvos/Desktop/Juvos/CodeLab/eraAcro/era-egg/node_modules/egg-logrotator/app/schedule/rotate_by_file.js
2022-02-24 17:53:27,665 INFO 38302 [egg-schedule]: register schedule /Users/juvos/Desktop/Juvos/CodeLab/eraAcro/era-egg/node_modules/egg-multipart/app/schedule/clean_tmpdir.js
2022-02-24 17:53:27,665 INFO 38302 [egg-schedule]: register schedule /Users/juvos/Desktop/Juvos/CodeLab/eraAcro/era-egg/node_modules/egg-logrotator/app/schedule/clean_log.js
2022-02-24 17:53:27,665 INFO 38302 [egg-schedule]: register schedule /Users/juvos/Desktop/Juvos/CodeLab/eraAcro/era-egg/node_modules/egg-logrotator/app/schedule/rotate_by_file.js
2022-02-24 17:54:19,152 INFO 38327 [egg-schedule]: register schedule /Users/juvos/Desktop/Juvos/CodeLab/eraAcro/era-egg/node_modules/egg-multipart/app/schedule/clean_tmpdir.js
2022-02-24 17:54:19,152 INFO 38327 [egg-schedule]: register schedule /Users/juvos/Desktop/Juvos/CodeLab/eraAcro/era-egg/node_modules/egg-logrotator/app/schedule/clean_log.js
2022-02-24 17:54:19,152 INFO 38327 [egg-schedule]: register schedule /Users/juvos/Desktop/Juvos/CodeLab/eraAcro/era-egg/node_modules/egg-logrotator/app/schedule/rotate_by_file.js
2022-02-24 17:55:06,878 INFO 38358 [egg-schedule]: register schedule /Users/juvos/Desktop/Juvos/CodeLab/eraAcro/era-egg/node_modules/egg-multipart/app/schedule/clean_tmpdir.js
2022-02-24 17:55:06,878 INFO 38358 [egg-schedule]: register schedule /Users/juvos/Desktop/Juvos/CodeLab/eraAcro/era-egg/node_modules/egg-logrotator/app/schedule/clean_log.js
2022-02-24 17:55:06,878 INFO 38358 [egg-schedule]: register schedule /Users/juvos/Desktop/Juvos/CodeLab/eraAcro/era-egg/node_modules/egg-logrotator/app/schedule/rotate_by_file.js
2022-02-24 17:55:17,305 INFO 38365 [egg-schedule]: register schedule /Users/juvos/Desktop/Juvos/CodeLab/eraAcro/era-egg/node_modules/egg-multipart/app/schedule/clean_tmpdir.js
2022-02-24 17:55:17,305 INFO 38365 [egg-schedule]: register schedule /Users/juvos/Desktop/Juvos/CodeLab/eraAcro/era-egg/node_modules/egg-logrotator/app/schedule/clean_log.js
2022-02-24 17:55:17,305 INFO 38365 [egg-schedule]: register schedule /Users/juvos/Desktop/Juvos/CodeLab/eraAcro/era-egg/node_modules/egg-logrotator/app/schedule/rotate_by_file.js
2022-02-24 17:55:50,582 INFO 38380 [egg-schedule]: register schedule /Users/juvos/Desktop/Juvos/CodeLab/eraAcro/era-egg/node_modules/egg-multipart/app/schedule/clean_tmpdir.js
2022-02-24 17:55:50,582 INFO 38380 [egg-schedule]: register schedule /Users/juvos/Desktop/Juvos/CodeLab/eraAcro/era-egg/node_modules/egg-logrotator/app/schedule/clean_log.js
2022-02-24 17:55:50,582 INFO 38380 [egg-schedule]: register schedule /Users/juvos/Desktop/Juvos/CodeLab/eraAcro/era-egg/node_modules/egg-logrotator/app/schedule/rotate_by_file.js
2022-02-24 17:55:53,373 INFO 38386 [egg-schedule]: register schedule /Users/juvos/Desktop/Juvos/CodeLab/eraAcro/era-egg/node_modules/egg-multipart/app/schedule/clean_tmpdir.js
2022-02-24 17:55:53,373 INFO 38386 [egg-schedule]: register schedule /Users/juvos/Desktop/Juvos/CodeLab/eraAcro/era-egg/node_modules/egg-logrotator/app/schedule/clean_log.js
2022-02-24 17:55:53,373 INFO 38386 [egg-schedule]: register schedule /Users/juvos/Desktop/Juvos/CodeLab/eraAcro/era-egg/node_modules/egg-logrotator/app/schedule/rotate_by_file.js
2022-02-24 17:57:01,243 INFO 38422 [egg-schedule]: register schedule /Users/juvos/Desktop/Juvos/CodeLab/eraAcro/era-egg/node_modules/egg-multipart/app/schedule/clean_tmpdir.js
2022-02-24 17:57:01,243 INFO 38422 [egg-schedule]: register schedule /Users/juvos/Desktop/Juvos/CodeLab/eraAcro/era-egg/node_modules/egg-logrotator/app/schedule/clean_log.js
2022-02-24 17:57:01,243 INFO 38422 [egg-schedule]: register schedule /Users/juvos/Desktop/Juvos/CodeLab/eraAcro/era-egg/node_modules/egg-logrotator/app/schedule/rotate_by_file.js
2022-02-24 17:57:12,859 INFO 38436 [egg-schedule]: register schedule /Users/juvos/Desktop/Juvos/CodeLab/eraAcro/era-egg/node_modules/egg-multipart/app/schedule/clean_tmpdir.js
2022-02-24 17:57:12,859 INFO 38436 [egg-schedule]: register schedule /Users/juvos/Desktop/Juvos/CodeLab/eraAcro/era-egg/node_modules/egg-logrotator/app/schedule/clean_log.js
2022-02-24 17:57:12,859 INFO 38436 [egg-schedule]: register schedule /Users/juvos/Desktop/Juvos/CodeLab/eraAcro/era-egg/node_modules/egg-logrotator/app/schedule/rotate_by_file.js
2022-02-24 17:57:18,535 INFO 38441 [egg-schedule]: register schedule /Users/juvos/Desktop/Juvos/CodeLab/eraAcro/era-egg/node_modules/egg-multipart/app/schedule/clean_tmpdir.js
2022-02-24 17:57:18,535 INFO 38441 [egg-schedule]: register schedule /Users/juvos/Desktop/Juvos/CodeLab/eraAcro/era-egg/node_modules/egg-logrotator/app/schedule/clean_log.js
2022-02-24 17:57:18,535 INFO 38441 [egg-schedule]: register schedule /Users/juvos/Desktop/Juvos/CodeLab/eraAcro/era-egg/node_modules/egg-logrotator/app/schedule/rotate_by_file.js
2022-02-24 17:58:07,239 INFO 38484 [egg-schedule]: register schedule /Users/juvos/Desktop/Juvos/CodeLab/eraAcro/era-egg/node_modules/egg-multipart/app/schedule/clean_tmpdir.js
2022-02-24 17:58:07,239 INFO 38484 [egg-schedule]: register schedule /Users/juvos/Desktop/Juvos/CodeLab/eraAcro/era-egg/node_modules/egg-logrotator/app/schedule/clean_log.js
2022-02-24 17:58:07,239 INFO 38484 [egg-schedule]: register schedule /Users/juvos/Desktop/Juvos/CodeLab/eraAcro/era-egg/node_modules/egg-logrotator/app/schedule/rotate_by_file.js
2022-02-24 17:58:51,562 INFO 38536 [egg-schedule]: register schedule /Users/juvos/Desktop/Juvos/CodeLab/eraAcro/era-egg/node_modules/egg-multipart/app/schedule/clean_tmpdir.js
2022-02-24 17:58:51,562 INFO 38536 [egg-schedule]: register schedule /Users/juvos/Desktop/Juvos/CodeLab/eraAcro/era-egg/node_modules/egg-logrotator/app/schedule/clean_log.js
2022-02-24 17:58:51,562 INFO 38536 [egg-schedule]: register schedule /Users/juvos/Desktop/Juvos/CodeLab/eraAcro/era-egg/node_modules/egg-logrotator/app/schedule/rotate_by_file.js
2022-02-24 17:59:18,609 INFO 38567 [egg-schedule]: register schedule /Users/juvos/Desktop/Juvos/CodeLab/eraAcro/era-egg/node_modules/egg-multipart/app/schedule/clean_tmpdir.js
2022-02-24 17:59:18,609 INFO 38567 [egg-schedule]: register schedule /Users/juvos/Desktop/Juvos/CodeLab/eraAcro/era-egg/node_modules/egg-logrotator/app/schedule/clean_log.js
2022-02-24 17:59:18,609 INFO 38567 [egg-schedule]: register schedule /Users/juvos/Desktop/Juvos/CodeLab/eraAcro/era-egg/node_modules/egg-logrotator/app/schedule/rotate_by_file.js
2022-02-24 17:59:41,768 INFO 38594 [egg-schedule]: register schedule /Users/juvos/Desktop/Juvos/CodeLab/eraAcro/era-egg/node_modules/egg-multipart/app/schedule/clean_tmpdir.js
2022-02-24 17:59:41,768 INFO 38594 [egg-schedule]: register schedule /Users/juvos/Desktop/Juvos/CodeLab/eraAcro/era-egg/node_modules/egg-logrotator/app/schedule/clean_log.js
2022-02-24 17:59:41,768 INFO 38594 [egg-schedule]: register schedule /Users/juvos/Desktop/Juvos/CodeLab/eraAcro/era-egg/node_modules/egg-logrotator/app/schedule/rotate_by_file.js
2022-02-24 18:01:24,070 INFO 38652 [egg-schedule]: register schedule /Users/juvos/Desktop/Juvos/CodeLab/eraAcro/era-egg/node_modules/egg-multipart/app/schedule/clean_tmpdir.js
2022-02-24 18:01:24,070 INFO 38652 [egg-schedule]: register schedule /Users/juvos/Desktop/Juvos/CodeLab/eraAcro/era-egg/node_modules/egg-logrotator/app/schedule/clean_log.js
2022-02-24 18:01:24,070 INFO 38652 [egg-schedule]: register schedule /Users/juvos/Desktop/Juvos/CodeLab/eraAcro/era-egg/node_modules/egg-logrotator/app/schedule/rotate_by_file.js
2022-02-24 18:01:45,881 INFO 38664 [egg-schedule]: register schedule /Users/juvos/Desktop/Juvos/CodeLab/eraAcro/era-egg/node_modules/egg-multipart/app/schedule/clean_tmpdir.js
2022-02-24 18:01:45,881 INFO 38664 [egg-schedule]: register schedule /Users/juvos/Desktop/Juvos/CodeLab/eraAcro/era-egg/node_modules/egg-logrotator/app/schedule/clean_log.js
2022-02-24 18:01:45,881 INFO 38664 [egg-schedule]: register schedule /Users/juvos/Desktop/Juvos/CodeLab/eraAcro/era-egg/node_modules/egg-logrotator/app/schedule/rotate_by_file.js
2022-02-24 18:01:55,739 INFO 38672 [egg-schedule]: register schedule /Users/juvos/Desktop/Juvos/CodeLab/eraAcro/era-egg/node_modules/egg-multipart/app/schedule/clean_tmpdir.js
2022-02-24 18:01:55,739 INFO 38672 [egg-schedule]: register schedule /Users/juvos/Desktop/Juvos/CodeLab/eraAcro/era-egg/node_modules/egg-logrotator/app/schedule/clean_log.js
2022-02-24 18:01:55,739 INFO 38672 [egg-schedule]: register schedule /Users/juvos/Desktop/Juvos/CodeLab/eraAcro/era-egg/node_modules/egg-logrotator/app/schedule/rotate_by_file.js
2022-02-24 18:02:00,693 INFO 38679 [egg-schedule]: register schedule /Users/juvos/Desktop/Juvos/CodeLab/eraAcro/era-egg/node_modules/egg-multipart/app/schedule/clean_tmpdir.js
2022-02-24 18:02:00,693 INFO 38679 [egg-schedule]: register schedule /Users/juvos/Desktop/Juvos/CodeLab/eraAcro/era-egg/node_modules/egg-logrotator/app/schedule/clean_log.js
2022-02-24 18:02:00,693 INFO 38679 [egg-schedule]: register schedule /Users/juvos/Desktop/Juvos/CodeLab/eraAcro/era-egg/node_modules/egg-logrotator/app/schedule/rotate_by_file.js
2022-02-24 18:03:18,778 INFO 38717 [egg-schedule]: register schedule /Users/juvos/Desktop/Juvos/CodeLab/eraAcro/era-egg/node_modules/egg-multipart/app/schedule/clean_tmpdir.js
2022-02-24 18:03:18,778 INFO 38717 [egg-schedule]: register schedule /Users/juvos/Desktop/Juvos/CodeLab/eraAcro/era-egg/node_modules/egg-logrotator/app/schedule/clean_log.js
2022-02-24 18:03:18,778 INFO 38717 [egg-schedule]: register schedule /Users/juvos/Desktop/Juvos/CodeLab/eraAcro/era-egg/node_modules/egg-logrotator/app/schedule/rotate_by_file.js
2022-02-24 18:03:39,369 INFO 38737 [egg-schedule]: register schedule /Users/juvos/Desktop/Juvos/CodeLab/eraAcro/era-egg/node_modules/egg-multipart/app/schedule/clean_tmpdir.js
2022-02-24 18:03:39,369 INFO 38737 [egg-schedule]: register schedule /Users/juvos/Desktop/Juvos/CodeLab/eraAcro/era-egg/node_modules/egg-logrotator/app/schedule/clean_log.js
2022-02-24 18:03:39,369 INFO 38737 [egg-schedule]: register schedule /Users/juvos/Desktop/Juvos/CodeLab/eraAcro/era-egg/node_modules/egg-logrotator/app/schedule/rotate_by_file.js
2022-02-24 18:04:04,183 INFO 38749 [egg-schedule]: register schedule /Users/juvos/Desktop/Juvos/CodeLab/eraAcro/era-egg/node_modules/egg-multipart/app/schedule/clean_tmpdir.js
2022-02-24 18:04:04,183 INFO 38749 [egg-schedule]: register schedule /Users/juvos/Desktop/Juvos/CodeLab/eraAcro/era-egg/node_modules/egg-logrotator/app/schedule/clean_log.js
2022-02-24 18:04:04,183 INFO 38749 [egg-schedule]: register schedule /Users/juvos/Desktop/Juvos/CodeLab/eraAcro/era-egg/node_modules/egg-logrotator/app/schedule/rotate_by_file.js
2022-02-24 18:06:02,602 INFO 38793 [egg-schedule]: register schedule /Users/juvos/Desktop/Juvos/CodeLab/eraAcro/era-egg/node_modules/egg-multipart/app/schedule/clean_tmpdir.js
2022-02-24 18:06:02,602 INFO 38793 [egg-schedule]: register schedule /Users/juvos/Desktop/Juvos/CodeLab/eraAcro/era-egg/node_modules/egg-logrotator/app/schedule/clean_log.js
2022-02-24 18:06:02,602 INFO 38793 [egg-schedule]: register schedule /Users/juvos/Desktop/Juvos/CodeLab/eraAcro/era-egg/node_modules/egg-logrotator/app/schedule/rotate_by_file.js
2022-02-24 18:07:17,295 INFO 38822 [egg-schedule]: register schedule /Users/juvos/Desktop/Juvos/CodeLab/eraAcro/era-egg/node_modules/egg-multipart/app/schedule/clean_tmpdir.js
2022-02-24 18:07:17,295 INFO 38822 [egg-schedule]: register schedule /Users/juvos/Desktop/Juvos/CodeLab/eraAcro/era-egg/node_modules/egg-logrotator/app/schedule/clean_log.js
2022-02-24 18:07:17,295 INFO 38822 [egg-schedule]: register schedule /Users/juvos/Desktop/Juvos/CodeLab/eraAcro/era-egg/node_modules/egg-logrotator/app/schedule/rotate_by_file.js
2022-02-24 18:08:20,958 INFO 38847 [egg-schedule]: register schedule /Users/juvos/Desktop/Juvos/CodeLab/eraAcro/era-egg/node_modules/egg-multipart/app/schedule/clean_tmpdir.js
2022-02-24 18:08:20,958 INFO 38847 [egg-schedule]: register schedule /Users/juvos/Desktop/Juvos/CodeLab/eraAcro/era-egg/node_modules/egg-logrotator/app/schedule/clean_log.js
2022-02-24 18:08:20,958 INFO 38847 [egg-schedule]: register schedule /Users/juvos/Desktop/Juvos/CodeLab/eraAcro/era-egg/node_modules/egg-logrotator/app/schedule/rotate_by_file.js
2022-02-24 18:08:44,797 INFO 38862 [egg-schedule]: register schedule /Users/juvos/Desktop/Juvos/CodeLab/eraAcro/era-egg/node_modules/egg-multipart/app/schedule/clean_tmpdir.js
2022-02-24 18:08:44,797 INFO 38862 [egg-schedule]: register schedule /Users/juvos/Desktop/Juvos/CodeLab/eraAcro/era-egg/node_modules/egg-logrotator/app/schedule/clean_log.js
2022-02-24 18:08:44,797 INFO 38862 [egg-schedule]: register schedule /Users/juvos/Desktop/Juvos/CodeLab/eraAcro/era-egg/node_modules/egg-logrotator/app/schedule/rotate_by_file.js
2022-02-24 18:08:54,035 INFO 38869 [egg-schedule]: register schedule /Users/juvos/Desktop/Juvos/CodeLab/eraAcro/era-egg/node_modules/egg-multipart/app/schedule/clean_tmpdir.js
2022-02-24 18:08:54,035 INFO 38869 [egg-schedule]: register schedule /Users/juvos/Desktop/Juvos/CodeLab/eraAcro/era-egg/node_modules/egg-logrotator/app/schedule/clean_log.js
2022-02-24 18:08:54,035 INFO 38869 [egg-schedule]: register schedule /Users/juvos/Desktop/Juvos/CodeLab/eraAcro/era-egg/node_modules/egg-logrotator/app/schedule/rotate_by_file.js
2022-02-24 18:08:56,560 INFO 38872 [egg-schedule]: register schedule /Users/juvos/Desktop/Juvos/CodeLab/eraAcro/era-egg/node_modules/egg-multipart/app/schedule/clean_tmpdir.js
2022-02-24 18:08:56,560 INFO 38872 [egg-schedule]: register schedule /Users/juvos/Desktop/Juvos/CodeLab/eraAcro/era-egg/node_modules/egg-logrotator/app/schedule/clean_log.js
2022-02-24 18:08:56,560 INFO 38872 [egg-schedule]: register schedule /Users/juvos/Desktop/Juvos/CodeLab/eraAcro/era-egg/node_modules/egg-logrotator/app/schedule/rotate_by_file.js
2022-02-24 18:09:12,841 INFO 38881 [egg-schedule]: register schedule /Users/juvos/Desktop/Juvos/CodeLab/eraAcro/era-egg/node_modules/egg-multipart/app/schedule/clean_tmpdir.js
2022-02-24 18:09:12,841 INFO 38881 [egg-schedule]: register schedule /Users/juvos/Desktop/Juvos/CodeLab/eraAcro/era-egg/node_modules/egg-logrotator/app/schedule/clean_log.js
2022-02-24 18:09:12,841 INFO 38881 [egg-schedule]: register schedule /Users/juvos/Desktop/Juvos/CodeLab/eraAcro/era-egg/node_modules/egg-logrotator/app/schedule/rotate_by_file.js
2022-02-24 18:14:34,451 INFO 39088 [egg-schedule]: register schedule /Users/juvos/Desktop/Juvos/CodeLab/eraAcro/era-egg/node_modules/egg-multipart/app/schedule/clean_tmpdir.js
2022-02-24 18:14:34,451 INFO 39088 [egg-schedule]: register schedule /Users/juvos/Desktop/Juvos/CodeLab/eraAcro/era-egg/node_modules/egg-logrotator/app/schedule/clean_log.js
2022-02-24 18:14:34,452 INFO 39088 [egg-schedule]: register schedule /Users/juvos/Desktop/Juvos/CodeLab/eraAcro/era-egg/node_modules/egg-logrotator/app/schedule/rotate_by_file.js
2022-02-24 18:15:02,447 INFO 39113 [egg-schedule]: register schedule /Users/juvos/Desktop/Juvos/CodeLab/eraAcro/era-egg/node_modules/egg-multipart/app/schedule/clean_tmpdir.js
2022-02-24 18:15:02,447 INFO 39113 [egg-schedule]: register schedule /Users/juvos/Desktop/Juvos/CodeLab/eraAcro/era-egg/node_modules/egg-logrotator/app/schedule/clean_log.js
2022-02-24 18:15:02,447 INFO 39113 [egg-schedule]: register schedule /Users/juvos/Desktop/Juvos/CodeLab/eraAcro/era-egg/node_modules/egg-logrotator/app/schedule/rotate_by_file.js
2022-02-24 18:15:02,607 INFO 39112 [Timer] /Users/juvos/Desktop/Juvos/CodeLab/eraAcro/era-egg/node_modules/egg-multipart/app/schedule/clean_tmpdir.js next time will execute after 36897395ms at 2022-02-25 04:30:00.002
2022-02-24 18:15:02,607 INFO 39112 [Timer] /Users/juvos/Desktop/Juvos/CodeLab/eraAcro/era-egg/node_modules/egg-logrotator/app/schedule/clean_log.js next time will execute after 20697393ms at 2022-02-25 00:00:00.000
2022-02-24 18:15:02,608 INFO 39112 [Timer] /Users/juvos/Desktop/Juvos/CodeLab/eraAcro/era-egg/node_modules/egg-logrotator/app/schedule/rotate_by_file.js next time will execute after 20698393ms at 2022-02-25 00:00:01.001
2022-02-24 18:15:44,515 INFO 39150 [egg-schedule]: register schedule /Users/juvos/Desktop/Juvos/CodeLab/eraAcro/era-egg/node_modules/egg-multipart/app/schedule/clean_tmpdir.js
2022-02-24 18:15:44,515 INFO 39150 [egg-schedule]: register schedule /Users/juvos/Desktop/Juvos/CodeLab/eraAcro/era-egg/node_modules/egg-logrotator/app/schedule/clean_log.js
2022-02-24 18:15:44,515 INFO 39150 [egg-schedule]: register schedule /Users/juvos/Desktop/Juvos/CodeLab/eraAcro/era-egg/node_modules/egg-logrotator/app/schedule/rotate_by_file.js
2022-02-24 18:16:27,098 INFO 39178 [egg-schedule]: register schedule /Users/juvos/Desktop/Juvos/CodeLab/eraAcro/era-egg/node_modules/egg-multipart/app/schedule/clean_tmpdir.js
2022-02-24 18:16:27,098 INFO 39178 [egg-schedule]: register schedule /Users/juvos/Desktop/Juvos/CodeLab/eraAcro/era-egg/node_modules/egg-logrotator/app/schedule/clean_log.js
2022-02-24 18:16:27,098 INFO 39178 [egg-schedule]: register schedule /Users/juvos/Desktop/Juvos/CodeLab/eraAcro/era-egg/node_modules/egg-logrotator/app/schedule/rotate_by_file.js
2022-02-24 18:17:17,420 INFO 39200 [egg-schedule]: register schedule /Users/juvos/Desktop/Juvos/CodeLab/eraAcro/era-egg/node_modules/egg-multipart/app/schedule/clean_tmpdir.js
2022-02-24 18:17:17,420 INFO 39200 [egg-schedule]: register schedule /Users/juvos/Desktop/Juvos/CodeLab/eraAcro/era-egg/node_modules/egg-logrotator/app/schedule/clean_log.js
2022-02-24 18:17:17,420 INFO 39200 [egg-schedule]: register schedule /Users/juvos/Desktop/Juvos/CodeLab/eraAcro/era-egg/node_modules/egg-logrotator/app/schedule/rotate_by_file.js
2022-02-24 18:17:21,585 INFO 39207 [egg-schedule]: register schedule /Users/juvos/Desktop/Juvos/CodeLab/eraAcro/era-egg/node_modules/egg-multipart/app/schedule/clean_tmpdir.js
2022-02-24 18:17:21,585 INFO 39207 [egg-schedule]: register schedule /Users/juvos/Desktop/Juvos/CodeLab/eraAcro/era-egg/node_modules/egg-logrotator/app/schedule/clean_log.js
2022-02-24 18:17:21,585 INFO 39207 [egg-schedule]: register schedule /Users/juvos/Desktop/Juvos/CodeLab/eraAcro/era-egg/node_modules/egg-logrotator/app/schedule/rotate_by_file.js
2022-02-24 18:18:01,884 INFO 39234 [egg-schedule]: register schedule /Users/juvos/Desktop/Juvos/CodeLab/eraAcro/era-egg/node_modules/egg-multipart/app/schedule/clean_tmpdir.js
2022-02-24 18:18:01,884 INFO 39234 [egg-schedule]: register schedule /Users/juvos/Desktop/Juvos/CodeLab/eraAcro/era-egg/node_modules/egg-logrotator/app/schedule/clean_log.js
2022-02-24 18:18:01,884 INFO 39234 [egg-schedule]: register schedule /Users/juvos/Desktop/Juvos/CodeLab/eraAcro/era-egg/node_modules/egg-logrotator/app/schedule/rotate_by_file.js
2022-02-24 18:19:51,239 INFO 39298 [egg-schedule]: register schedule /Users/juvos/Desktop/Juvos/CodeLab/eraAcro/era-egg/node_modules/egg-multipart/app/schedule/clean_tmpdir.js
2022-02-24 18:19:51,239 INFO 39298 [egg-schedule]: register schedule /Users/juvos/Desktop/Juvos/CodeLab/eraAcro/era-egg/node_modules/egg-logrotator/app/schedule/clean_log.js
2022-02-24 18:19:51,239 INFO 39298 [egg-schedule]: register schedule /Users/juvos/Desktop/Juvos/CodeLab/eraAcro/era-egg/node_modules/egg-logrotator/app/schedule/rotate_by_file.js
2022-02-24 18:20:57,100 INFO 39328 [egg-schedule]: register schedule /Users/juvos/Desktop/Juvos/CodeLab/eraAcro/era-egg/node_modules/egg-multipart/app/schedule/clean_tmpdir.js
2022-02-24 18:20:57,100 INFO 39328 [egg-schedule]: register schedule /Users/juvos/Desktop/Juvos/CodeLab/eraAcro/era-egg/node_modules/egg-logrotator/app/schedule/clean_log.js
2022-02-24 18:20:57,100 INFO 39328 [egg-schedule]: register schedule /Users/juvos/Desktop/Juvos/CodeLab/eraAcro/era-egg/node_modules/egg-logrotator/app/schedule/rotate_by_file.js
2022-02-24 18:21:02,269 INFO 39337 [egg-schedule]: register schedule /Users/juvos/Desktop/Juvos/CodeLab/eraAcro/era-egg/node_modules/egg-multipart/app/schedule/clean_tmpdir.js
2022-02-24 18:21:02,269 INFO 39337 [egg-schedule]: register schedule /Users/juvos/Desktop/Juvos/CodeLab/eraAcro/era-egg/node_modules/egg-logrotator/app/schedule/clean_log.js
2022-02-24 18:21:02,269 INFO 39337 [egg-schedule]: register schedule /Users/juvos/Desktop/Juvos/CodeLab/eraAcro/era-egg/node_modules/egg-logrotator/app/schedule/rotate_by_file.js
2022-02-24 18:23:59,641 INFO 39452 [egg-schedule]: register schedule /Users/juvos/Desktop/Juvos/CodeLab/eraAcro/era-egg/node_modules/egg-multipart/app/schedule/clean_tmpdir.js
2022-02-24 18:23:59,641 INFO 39452 [egg-schedule]: register schedule /Users/juvos/Desktop/Juvos/CodeLab/eraAcro/era-egg/node_modules/egg-logrotator/app/schedule/clean_log.js
2022-02-24 18:23:59,641 INFO 39452 [egg-schedule]: register schedule /Users/juvos/Desktop/Juvos/CodeLab/eraAcro/era-egg/node_modules/egg-logrotator/app/schedule/rotate_by_file.js
2022-02-24 18:24:31,503 INFO 39473 [egg-schedule]: register schedule /Users/juvos/Desktop/Juvos/CodeLab/eraAcro/era-egg/node_modules/egg-multipart/app/schedule/clean_tmpdir.js
2022-02-24 18:24:31,503 INFO 39473 [egg-schedule]: register schedule /Users/juvos/Desktop/Juvos/CodeLab/eraAcro/era-egg/node_modules/egg-logrotator/app/schedule/clean_log.js
2022-02-24 18:24:31,503 INFO 39473 [egg-schedule]: register schedule /Users/juvos/Desktop/Juvos/CodeLab/eraAcro/era-egg/node_modules/egg-logrotator/app/schedule/rotate_by_file.js
2022-02-24 18:24:49,913 INFO 39494 [egg-schedule]: register schedule /Users/juvos/Desktop/Juvos/CodeLab/eraAcro/era-egg/node_modules/egg-multipart/app/schedule/clean_tmpdir.js
2022-02-24 18:24:49,913 INFO 39494 [egg-schedule]: register schedule /Users/juvos/Desktop/Juvos/CodeLab/eraAcro/era-egg/node_modules/egg-logrotator/app/schedule/clean_log.js
2022-02-24 18:24:49,913 INFO 39494 [egg-schedule]: register schedule /Users/juvos/Desktop/Juvos/CodeLab/eraAcro/era-egg/node_modules/egg-logrotator/app/schedule/rotate_by_file.js
2022-02-24 18:25:41,473 INFO 39515 [egg-schedule]: register schedule /Users/juvos/Desktop/Juvos/CodeLab/eraAcro/era-egg/node_modules/egg-multipart/app/schedule/clean_tmpdir.js
2022-02-24 18:25:41,473 INFO 39515 [egg-schedule]: register schedule /Users/juvos/Desktop/Juvos/CodeLab/eraAcro/era-egg/node_modules/egg-logrotator/app/schedule/clean_log.js
2022-02-24 18:25:41,473 INFO 39515 [egg-schedule]: register schedule /Users/juvos/Desktop/Juvos/CodeLab/eraAcro/era-egg/node_modules/egg-logrotator/app/schedule/rotate_by_file.js
2022-02-24 18:26:37,691 INFO 39563 [egg-schedule]: register schedule /Users/juvos/Desktop/Juvos/CodeLab/eraAcro/era-egg/node_modules/egg-multipart/app/schedule/clean_tmpdir.js
2022-02-24 18:26:37,691 INFO 39563 [egg-schedule]: register schedule /Users/juvos/Desktop/Juvos/CodeLab/eraAcro/era-egg/node_modules/egg-logrotator/app/schedule/clean_log.js
2022-02-24 18:26:37,691 INFO 39563 [egg-schedule]: register schedule /Users/juvos/Desktop/Juvos/CodeLab/eraAcro/era-egg/node_modules/egg-logrotator/app/schedule/rotate_by_file.js
2022-02-24 18:26:48,408 INFO 39578 [egg-schedule]: register schedule /Users/juvos/Desktop/Juvos/CodeLab/eraAcro/era-egg/node_modules/egg-multipart/app/schedule/clean_tmpdir.js
2022-02-24 18:26:48,408 INFO 39578 [egg-schedule]: register schedule /Users/juvos/Desktop/Juvos/CodeLab/eraAcro/era-egg/node_modules/egg-logrotator/app/schedule/clean_log.js
2022-02-24 18:26:48,408 INFO 39578 [egg-schedule]: register schedule /Users/juvos/Desktop/Juvos/CodeLab/eraAcro/era-egg/node_modules/egg-logrotator/app/schedule/rotate_by_file.js
2022-02-24 18:28:17,413 INFO 39625 [egg-schedule]: register schedule /Users/juvos/Desktop/Juvos/CodeLab/eraAcro/era-egg/node_modules/egg-multipart/app/schedule/clean_tmpdir.js
2022-02-24 18:28:17,413 INFO 39625 [egg-schedule]: register schedule /Users/juvos/Desktop/Juvos/CodeLab/eraAcro/era-egg/node_modules/egg-logrotator/app/schedule/clean_log.js
2022-02-24 18:28:17,413 INFO 39625 [egg-schedule]: register schedule /Users/juvos/Desktop/Juvos/CodeLab/eraAcro/era-egg/node_modules/egg-logrotator/app/schedule/rotate_by_file.js
2022-02-24 18:28:46,129 INFO 39666 [egg-schedule]: register schedule /Users/juvos/Desktop/Juvos/CodeLab/eraAcro/era-egg/node_modules/egg-multipart/app/schedule/clean_tmpdir.js
2022-02-24 18:28:46,129 INFO 39666 [egg-schedule]: register schedule /Users/juvos/Desktop/Juvos/CodeLab/eraAcro/era-egg/node_modules/egg-logrotator/app/schedule/clean_log.js
2022-02-24 18:28:46,129 INFO 39666 [egg-schedule]: register schedule /Users/juvos/Desktop/Juvos/CodeLab/eraAcro/era-egg/node_modules/egg-logrotator/app/schedule/rotate_by_file.js
2022-02-24 18:29:17,839 INFO 39705 [egg-schedule]: register schedule /Users/juvos/Desktop/Juvos/CodeLab/eraAcro/era-egg/node_modules/egg-multipart/app/schedule/clean_tmpdir.js
2022-02-24 18:29:17,839 INFO 39705 [egg-schedule]: register schedule /Users/juvos/Desktop/Juvos/CodeLab/eraAcro/era-egg/node_modules/egg-logrotator/app/schedule/clean_log.js
2022-02-24 18:29:17,839 INFO 39705 [egg-schedule]: register schedule /Users/juvos/Desktop/Juvos/CodeLab/eraAcro/era-egg/node_modules/egg-logrotator/app/schedule/rotate_by_file.js
2022-02-24 18:29:18,054 INFO 39704 [Timer] /Users/juvos/Desktop/Juvos/CodeLab/eraAcro/era-egg/node_modules/egg-multipart/app/schedule/clean_tmpdir.js next time will execute after 36041948ms at 2022-02-25 04:30:00.002
2022-02-24 18:29:18,054 INFO 39704 [Timer] /Users/juvos/Desktop/Juvos/CodeLab/eraAcro/era-egg/node_modules/egg-logrotator/app/schedule/clean_log.js next time will execute after 19841946ms at 2022-02-25 00:00:00.000
2022-02-24 18:29:18,055 INFO 39704 [Timer] /Users/juvos/Desktop/Juvos/CodeLab/eraAcro/era-egg/node_modules/egg-logrotator/app/schedule/rotate_by_file.js next time will execute after 19842946ms at 2022-02-25 00:00:01.001
2022-02-25 09:19:57,987 INFO 43539 [egg-schedule]: register schedule /Users/juvos/Desktop/Juvos/CodeLab/eraAcro/era-egg/node_modules/egg-multipart/app/schedule/clean_tmpdir.js
2022-02-25 09:19:57,987 INFO 43539 [egg-schedule]: register schedule /Users/juvos/Desktop/Juvos/CodeLab/eraAcro/era-egg/node_modules/egg-logrotator/app/schedule/clean_log.js
2022-02-25 09:19:57,987 INFO 43539 [egg-schedule]: register schedule /Users/juvos/Desktop/Juvos/CodeLab/eraAcro/era-egg/node_modules/egg-logrotator/app/schedule/rotate_by_file.js
2022-02-25 09:19:58,193 INFO 43538 [Timer] /Users/juvos/Desktop/Juvos/CodeLab/eraAcro/era-egg/node_modules/egg-multipart/app/schedule/clean_tmpdir.js next time will execute after 69001810ms at 2022-02-26 04:30:00.003
2022-02-25 09:19:58,193 INFO 43538 [Timer] /Users/juvos/Desktop/Juvos/CodeLab/eraAcro/era-egg/node_modules/egg-logrotator/app/schedule/clean_log.js next time will execute after 52801807ms at 2022-02-26 00:00:00.000
2022-02-25 09:19:58,194 INFO 43538 [Timer] /Users/juvos/Desktop/Juvos/CodeLab/eraAcro/era-egg/node_modules/egg-logrotator/app/schedule/rotate_by_file.js next time will execute after 52802807ms at 2022-02-26 00:00:01.001
2022-02-25 09:21:48,199 INFO 43616 [egg-schedule]: register schedule /Users/juvos/Desktop/Juvos/CodeLab/eraAcro/era-egg/node_modules/egg-multipart/app/schedule/clean_tmpdir.js
2022-02-25 09:21:48,199 INFO 43616 [egg-schedule]: register schedule /Users/juvos/Desktop/Juvos/CodeLab/eraAcro/era-egg/node_modules/egg-logrotator/app/schedule/clean_log.js
2022-02-25 09:21:48,199 INFO 43616 [egg-schedule]: register schedule /Users/juvos/Desktop/Juvos/CodeLab/eraAcro/era-egg/node_modules/egg-logrotator/app/schedule/rotate_by_file.js
2022-02-25 09:23:57,507 INFO 43661 [egg-schedule]: register schedule /Users/juvos/Desktop/Juvos/CodeLab/eraAcro/era-egg/node_modules/egg-multipart/app/schedule/clean_tmpdir.js
2022-02-25 09:23:57,507 INFO 43661 [egg-schedule]: register schedule /Users/juvos/Desktop/Juvos/CodeLab/eraAcro/era-egg/node_modules/egg-logrotator/app/schedule/clean_log.js
2022-02-25 09:23:57,507 INFO 43661 [egg-schedule]: register schedule /Users/juvos/Desktop/Juvos/CodeLab/eraAcro/era-egg/node_modules/egg-logrotator/app/schedule/rotate_by_file.js
2022-02-25 09:24:49,089 INFO 43695 [egg-schedule]: register schedule /Users/juvos/Desktop/Juvos/CodeLab/eraAcro/era-egg/node_modules/egg-multipart/app/schedule/clean_tmpdir.js
2022-02-25 09:24:49,089 INFO 43695 [egg-schedule]: register schedule /Users/juvos/Desktop/Juvos/CodeLab/eraAcro/era-egg/node_modules/egg-logrotator/app/schedule/clean_log.js
2022-02-25 09:24:49,089 INFO 43695 [egg-schedule]: register schedule /Users/juvos/Desktop/Juvos/CodeLab/eraAcro/era-egg/node_modules/egg-logrotator/app/schedule/rotate_by_file.js
2022-02-25 09:25:15,393 INFO 43728 [egg-schedule]: register schedule /Users/juvos/Desktop/Juvos/CodeLab/eraAcro/era-egg/node_modules/egg-multipart/app/schedule/clean_tmpdir.js
2022-02-25 09:25:15,393 INFO 43728 [egg-schedule]: register schedule /Users/juvos/Desktop/Juvos/CodeLab/eraAcro/era-egg/node_modules/egg-logrotator/app/schedule/clean_log.js
2022-02-25 09:25:15,393 INFO 43728 [egg-schedule]: register schedule /Users/juvos/Desktop/Juvos/CodeLab/eraAcro/era-egg/node_modules/egg-logrotator/app/schedule/rotate_by_file.js
2022-02-25 09:25:46,741 INFO 43741 [egg-schedule]: register schedule /Users/juvos/Desktop/Juvos/CodeLab/eraAcro/era-egg/node_modules/egg-multipart/app/schedule/clean_tmpdir.js
2022-02-25 09:25:46,741 INFO 43741 [egg-schedule]: register schedule /Users/juvos/Desktop/Juvos/CodeLab/eraAcro/era-egg/node_modules/egg-logrotator/app/schedule/clean_log.js
2022-02-25 09:25:46,741 INFO 43741 [egg-schedule]: register schedule /Users/juvos/Desktop/Juvos/CodeLab/eraAcro/era-egg/node_modules/egg-logrotator/app/schedule/rotate_by_file.js
2022-02-25 09:26:47,219 INFO 43890 [Timer] /Users/juvos/Desktop/Juvos/CodeLab/eraAcro/era-egg/node_modules/egg-multipart/app/schedule/clean_tmpdir.js next time will execute after 68592783ms at 2022-02-26 04:30:00.002
2022-02-25 09:26:47,219 INFO 43890 [Timer] /Users/juvos/Desktop/Juvos/CodeLab/eraAcro/era-egg/node_modules/egg-logrotator/app/schedule/clean_log.js next time will execute after 52392781ms at 2022-02-26 00:00:00.000
2022-02-25 09:26:47,219 INFO 43890 [Timer] /Users/juvos/Desktop/Juvos/CodeLab/eraAcro/era-egg/node_modules/egg-logrotator/app/schedule/rotate_by_file.js next time will execute after 52393781ms at 2022-02-26 00:00:01.000
2022-02-25 09:26:47,051 INFO 43891 [egg-schedule]: register schedule /Users/juvos/Desktop/Juvos/CodeLab/eraAcro/era-egg/node_modules/egg-multipart/app/schedule/clean_tmpdir.js
2022-02-25 09:26:47,051 INFO 43891 [egg-schedule]: register schedule /Users/juvos/Desktop/Juvos/CodeLab/eraAcro/era-egg/node_modules/egg-logrotator/app/schedule/clean_log.js
2022-02-25 09:26:47,051 INFO 43891 [egg-schedule]: register schedule /Users/juvos/Desktop/Juvos/CodeLab/eraAcro/era-egg/node_modules/egg-logrotator/app/schedule/rotate_by_file.js
2022-02-28 09:47:11,366 INFO 19248 [Timer] /Users/juvos/Desktop/Juvos/CodeLab/eraAcro/era-egg/node_modules/egg-multipart/app/schedule/clean_tmpdir.js next time will execute after 67368636ms at 2022-03-01 04:30:00.002
2022-02-28 09:47:11,366 INFO 19248 [Timer] /Users/juvos/Desktop/Juvos/CodeLab/eraAcro/era-egg/node_modules/egg-logrotator/app/schedule/clean_log.js next time will execute after 51168634ms at 2022-03-01 00:00:00.000
2022-02-28 09:47:11,367 INFO 19248 [Timer] /Users/juvos/Desktop/Juvos/CodeLab/eraAcro/era-egg/node_modules/egg-logrotator/app/schedule/rotate_by_file.js next time will execute after 51169634ms at 2022-03-01 00:00:01.001
2022-02-28 09:47:11,180 INFO 19251 [egg-schedule]: register schedule /Users/juvos/Desktop/Juvos/CodeLab/eraAcro/era-egg/node_modules/egg-multipart/app/schedule/clean_tmpdir.js
2022-02-28 09:47:11,180 INFO 19251 [egg-schedule]: register schedule /Users/juvos/Desktop/Juvos/CodeLab/eraAcro/era-egg/node_modules/egg-logrotator/app/schedule/clean_log.js
2022-02-28 09:47:11,180 INFO 19251 [egg-schedule]: register schedule /Users/juvos/Desktop/Juvos/CodeLab/eraAcro/era-egg/node_modules/egg-logrotator/app/schedule/rotate_by_file.js
2022-02-28 09:49:46,136 INFO 19337 [egg-schedule]: register schedule /Users/juvos/Desktop/Juvos/CodeLab/eraAcro/era-egg/node_modules/egg-multipart/app/schedule/clean_tmpdir.js
2022-02-28 09:49:46,136 INFO 19337 [egg-schedule]: register schedule /Users/juvos/Desktop/Juvos/CodeLab/eraAcro/era-egg/node_modules/egg-logrotator/app/schedule/clean_log.js
2022-02-28 09:49:46,136 INFO 19337 [egg-schedule]: register schedule /Users/juvos/Desktop/Juvos/CodeLab/eraAcro/era-egg/node_modules/egg-logrotator/app/schedule/rotate_by_file.js
2022-02-28 09:51:25,099 INFO 19383 [egg-schedule]: register schedule /Users/juvos/Desktop/Juvos/CodeLab/eraAcro/era-egg/node_modules/egg-multipart/app/schedule/clean_tmpdir.js
2022-02-28 09:51:25,099 INFO 19383 [egg-schedule]: register schedule /Users/juvos/Desktop/Juvos/CodeLab/eraAcro/era-egg/node_modules/egg-logrotator/app/schedule/clean_log.js
2022-02-28 09:51:25,099 INFO 19383 [egg-schedule]: register schedule /Users/juvos/Desktop/Juvos/CodeLab/eraAcro/era-egg/node_modules/egg-logrotator/app/schedule/rotate_by_file.js
2022-02-28 09:51:53,299 INFO 19408 [egg-schedule]: register schedule /Users/juvos/Desktop/Juvos/CodeLab/eraAcro/era-egg/node_modules/egg-multipart/app/schedule/clean_tmpdir.js
2022-02-28 09:51:53,299 INFO 19408 [egg-schedule]: register schedule /Users/juvos/Desktop/Juvos/CodeLab/eraAcro/era-egg/node_modules/egg-logrotator/app/schedule/clean_log.js
2022-02-28 09:51:53,299 INFO 19408 [egg-schedule]: register schedule /Users/juvos/Desktop/Juvos/CodeLab/eraAcro/era-egg/node_modules/egg-logrotator/app/schedule/rotate_by_file.js
2022-02-28 09:54:26,482 INFO 19479 [egg-schedule]: register schedule /Users/juvos/Desktop/Juvos/CodeLab/eraAcro/era-egg/node_modules/egg-multipart/app/schedule/clean_tmpdir.js
2022-02-28 09:54:26,482 INFO 19479 [egg-schedule]: register schedule /Users/juvos/Desktop/Juvos/CodeLab/eraAcro/era-egg/node_modules/egg-logrotator/app/schedule/clean_log.js
2022-02-28 09:54:26,482 INFO 19479 [egg-schedule]: register schedule /Users/juvos/Desktop/Juvos/CodeLab/eraAcro/era-egg/node_modules/egg-logrotator/app/schedule/rotate_by_file.js
2022-02-28 09:56:03,563 INFO 19517 [egg-schedule]: register schedule /Users/juvos/Desktop/Juvos/CodeLab/eraAcro/era-egg/node_modules/egg-multipart/app/schedule/clean_tmpdir.js
2022-02-28 09:56:03,563 INFO 19517 [egg-schedule]: register schedule /Users/juvos/Desktop/Juvos/CodeLab/eraAcro/era-egg/node_modules/egg-logrotator/app/schedule/clean_log.js
2022-02-28 09:56:03,563 INFO 19517 [egg-schedule]: register schedule /Users/juvos/Desktop/Juvos/CodeLab/eraAcro/era-egg/node_modules/egg-logrotator/app/schedule/rotate_by_file.js
2022-02-28 09:56:26,358 INFO 19532 [egg-schedule]: register schedule /Users/juvos/Desktop/Juvos/CodeLab/eraAcro/era-egg/node_modules/egg-multipart/app/schedule/clean_tmpdir.js
2022-02-28 09:56:26,358 INFO 19532 [egg-schedule]: register schedule /Users/juvos/Desktop/Juvos/CodeLab/eraAcro/era-egg/node_modules/egg-logrotator/app/schedule/clean_log.js
2022-02-28 09:56:26,358 INFO 19532 [egg-schedule]: register schedule /Users/juvos/Desktop/Juvos/CodeLab/eraAcro/era-egg/node_modules/egg-logrotator/app/schedule/rotate_by_file.js
2022-02-28 09:56:37,208 INFO 19539 [egg-schedule]: register schedule /Users/juvos/Desktop/Juvos/CodeLab/eraAcro/era-egg/node_modules/egg-multipart/app/schedule/clean_tmpdir.js
2022-02-28 09:56:37,208 INFO 19539 [egg-schedule]: register schedule /Users/juvos/Desktop/Juvos/CodeLab/eraAcro/era-egg/node_modules/egg-logrotator/app/schedule/clean_log.js
2022-02-28 09:56:37,208 INFO 19539 [egg-schedule]: register schedule /Users/juvos/Desktop/Juvos/CodeLab/eraAcro/era-egg/node_modules/egg-logrotator/app/schedule/rotate_by_file.js
2022-02-28 09:58:22,797 INFO 19572 [egg-schedule]: register schedule /Users/juvos/Desktop/Juvos/CodeLab/eraAcro/era-egg/node_modules/egg-multipart/app/schedule/clean_tmpdir.js
2022-02-28 09:58:22,797 INFO 19572 [egg-schedule]: register schedule /Users/juvos/Desktop/Juvos/CodeLab/eraAcro/era-egg/node_modules/egg-logrotator/app/schedule/clean_log.js
2022-02-28 09:58:22,797 INFO 19572 [egg-schedule]: register schedule /Users/juvos/Desktop/Juvos/CodeLab/eraAcro/era-egg/node_modules/egg-logrotator/app/schedule/rotate_by_file.js
2022-02-28 09:58:56,955 INFO 19605 [egg-schedule]: register schedule /Users/juvos/Desktop/Juvos/CodeLab/eraAcro/era-egg/node_modules/egg-multipart/app/schedule/clean_tmpdir.js
2022-02-28 09:58:56,955 INFO 19605 [egg-schedule]: register schedule /Users/juvos/Desktop/Juvos/CodeLab/eraAcro/era-egg/node_modules/egg-logrotator/app/schedule/clean_log.js
2022-02-28 09:58:56,955 INFO 19605 [egg-schedule]: register schedule /Users/juvos/Desktop/Juvos/CodeLab/eraAcro/era-egg/node_modules/egg-logrotator/app/schedule/rotate_by_file.js
2022-02-28 10:00:17,213 INFO 19653 [egg-schedule]: register schedule /Users/juvos/Desktop/Juvos/CodeLab/eraAcro/era-egg/node_modules/egg-multipart/app/schedule/clean_tmpdir.js
2022-02-28 10:00:17,213 INFO 19653 [egg-schedule]: register schedule /Users/juvos/Desktop/Juvos/CodeLab/eraAcro/era-egg/node_modules/egg-logrotator/app/schedule/clean_log.js
2022-02-28 10:00:17,213 INFO 19653 [egg-schedule]: register schedule /Users/juvos/Desktop/Juvos/CodeLab/eraAcro/era-egg/node_modules/egg-logrotator/app/schedule/rotate_by_file.js
2022-02-28 10:02:26,877 INFO 19688 [egg-schedule]: register schedule /Users/juvos/Desktop/Juvos/CodeLab/eraAcro/era-egg/node_modules/egg-multipart/app/schedule/clean_tmpdir.js
2022-02-28 10:02:26,877 INFO 19688 [egg-schedule]: register schedule /Users/juvos/Desktop/Juvos/CodeLab/eraAcro/era-egg/node_modules/egg-logrotator/app/schedule/clean_log.js
2022-02-28 10:02:26,877 INFO 19688 [egg-schedule]: register schedule /Users/juvos/Desktop/Juvos/CodeLab/eraAcro/era-egg/node_modules/egg-logrotator/app/schedule/rotate_by_file.js
2022-02-28 10:03:38,409 INFO 19721 [egg-schedule]: register schedule /Users/juvos/Desktop/Juvos/CodeLab/eraAcro/era-egg/node_modules/egg-multipart/app/schedule/clean_tmpdir.js
2022-02-28 10:03:38,409 INFO 19721 [egg-schedule]: register schedule /Users/juvos/Desktop/Juvos/CodeLab/eraAcro/era-egg/node_modules/egg-logrotator/app/schedule/clean_log.js
2022-02-28 10:03:38,409 INFO 19721 [egg-schedule]: register schedule /Users/juvos/Desktop/Juvos/CodeLab/eraAcro/era-egg/node_modules/egg-logrotator/app/schedule/rotate_by_file.js
2022-02-28 10:04:17,565 INFO 19752 [egg-schedule]: register schedule /Users/juvos/Desktop/Juvos/CodeLab/eraAcro/era-egg/node_modules/egg-multipart/app/schedule/clean_tmpdir.js
2022-02-28 10:04:17,565 INFO 19752 [egg-schedule]: register schedule /Users/juvos/Desktop/Juvos/CodeLab/eraAcro/era-egg/node_modules/egg-logrotator/app/schedule/clean_log.js
2022-02-28 10:04:17,565 INFO 19752 [egg-schedule]: register schedule /Users/juvos/Desktop/Juvos/CodeLab/eraAcro/era-egg/node_modules/egg-logrotator/app/schedule/rotate_by_file.js
